<?xml version="1.0" encoding="UTF-8"?>
<!-- Generated by org.testng.reporters.JUnitReportReporter -->
<testsuite hostname="FTR3COF93BK8A76" name="testcases.APP_GUI" tests="1" failures="0" timestamp="25 Mar 2021 03:39:39 GMT" time="212.750" errors="0">
  <testcase name="APP_GUI_20_Channel_Information" time="212.750" classname="testcases.APP_GUI"/>
</testsuite> <!-- testcases.APP_GUI -->
