<?xml version="1.0" encoding="UTF-8"?>
<!-- Generated by org.testng.reporters.JUnitReportReporter -->
<testsuite skipped="0" hostname="FTR3COF93BK8A76" name="TestCases.WFA_LSMS_LNP_4" tests="1" failures="0" timestamp="2022-09-14T01:56:29 EDT" time="47.640" errors="0">
  <testcase name="LSMS_LNP_070_C_Order_CMP_DuePast_D_Order_PAC_DueFuture_SW" time="47.640" classname="TestCases.WFA_LSMS_LNP_4"/>
  <system-out/>
</testsuite> <!-- TestCases.WFA_LSMS_LNP_4 -->
