<?xml version="1.0" encoding="UTF-8"?>
<!-- Generated by org.testng.reporters.JUnitReportReporter -->
<testsuite skipped="0" hostname="FTR3COF93BK8A76" name="TestCases.WFA_LSMS_LNP_2" tests="1" failures="0" timestamp="2022-09-13T02:06:54 EDT" time="33.688" errors="0">
  <testcase name="LSMS_LNP_065_Change_localtime_N_Order_PAC_DuePast_C_Order_CMP_DuePast_SNET" time="33.688" classname="TestCases.WFA_LSMS_LNP_2"/>
  <system-out/>
</testsuite> <!-- TestCases.WFA_LSMS_LNP_2 -->
