<?xml version="1.0" encoding="UTF-8"?>
<!-- Generated by org.testng.reporters.JUnitReportReporter -->
<testsuite skipped="0" hostname="FTR3COF93BK8A76" name="TestCases.WFA_Key_Data" tests="1" failures="0" timestamp="2022-07-13T03:54:46 EDT" time="28.384" errors="0">
  <testcase name="KEYD_19" time="28.384" classname="TestCases.WFA_Key_Data"/>
  <system-out/>
</testsuite> <!-- TestCases.WFA_Key_Data -->
