<?xml version="1.0" encoding="UTF-8"?>
<!-- Generated by org.testng.reporters.JUnitReportReporter -->
<testsuite skipped="0" hostname="FTR3COF93BK8A76" name="TestCases.WFA_Set_Basic24_Commit_Personalization" tests="1" failures="0" timestamp="2022-05-27T01:13:52 EDT" time="13.423" errors="1">
  <testcase name="Basic24_34" time="13.423" classname="TestCases.WFA_Set_Basic24_Commit_Personalization">
    <error type="java.lang.Error" message="Unresolved compilation problem: 
	ExpCurrentCommit cannot be resolved to a variable
">
      <![CDATA[java.lang.Error: Unresolved compilation problem: 
ExpCurrentCommit cannot be resolved to a variable

at TestCases.WFA_Set_Basic24_Commit_Personalization.Basic24_34(WFA_Set_Basic24_Commit_Personalization.java:1321)
at sun.reflect.NativeMethodAccessorImpl.invoke0(Native Method)
at sun.reflect.NativeMethodAccessorImpl.invoke(NativeMethodAccessorImpl.java:62)
at sun.reflect.DelegatingMethodAccessorImpl.invoke(DelegatingMethodAccessorImpl.java:43)
at java.lang.reflect.Method.invoke(Method.java:498)
at org.testng.internal.MethodInvocationHelper.invokeMethod(MethodInvocationHelper.java:133)
at org.testng.internal.TestInvoker.invokeMethod(TestInvoker.java:598)
at org.testng.internal.TestInvoker.invokeTestMethod(TestInvoker.java:173)
at org.testng.internal.MethodRunner.runInSequence(MethodRunner.java:46)
at org.testng.internal.TestInvoker$MethodInvocationAgent.invoke(TestInvoker.java:824)
at org.testng.internal.TestInvoker.invokeTestMethods(TestInvoker.java:146)
at org.testng.internal.TestMethodWorker.invokeTestMethods(TestMethodWorker.java:146)
at org.testng.internal.TestMethodWorker.run(TestMethodWorker.java:128)
at java.util.concurrent.ThreadPoolExecutor.runWorker(ThreadPoolExecutor.java:1149)
at java.util.concurrent.ThreadPoolExecutor$Worker.run(ThreadPoolExecutor.java:624)
at java.lang.Thread.run(Thread.java:748)
]]>
    </error>
  </testcase> <!-- Basic24_34 -->
  <system-out/>
</testsuite> <!-- TestCases.WFA_Set_Basic24_Commit_Personalization -->
