<?xml version="1.0" encoding="UTF-8"?>
<!-- Generated by org.testng.reporters.JUnitReportReporter -->
<testsuite skipped="0" hostname="FTR3COF93BK8A76" name="TestCases.WFA_Set_Basic24_Commit_Personalization" tests="1" failures="0" timestamp="2022-05-30T23:50:27 EDT" time="124.046" errors="0">
  <testcase name="Basic24_36" time="124.046" classname="TestCases.WFA_Set_Basic24_Commit_Personalization"/>
  <system-out/>
</testsuite> <!-- TestCases.WFA_Set_Basic24_Commit_Personalization -->
