<?xml version="1.0" encoding="UTF-8"?>
<!-- Generated by org.testng.reporters.JUnitReportReporter -->
<testsuite skipped="0" hostname="FTR3COF93BK8A76" name="TestCases.GUIs" tests="1" failures="0" timestamp="2022-06-23T23:27:17 EDT" time="27.276" errors="0">
  <testcase name="GUI_04_RUD_W" time="27.276" classname="TestCases.GUIs"/>
  <system-out/>
</testsuite> <!-- TestCases.GUIs -->
