<?xml version="1.0" encoding="UTF-8"?>
<!-- Generated by org.testng.reporters.JUnitReportReporter -->
<testsuite skipped="0" hostname="FTR3COF93BK8A76" name="TestCases.WFA_LSMS_LNP_1" tests="1" failures="0" timestamp="2022-07-29T03:03:42 EDT" time="25.955" errors="0">
  <testcase name="LSMS_LNP_020_MR_report_RX_Screen_SO_Billing_ZBU_CS_SW" time="25.955" classname="TestCases.WFA_LSMS_LNP_1"/>
  <system-out/>
</testsuite> <!-- TestCases.WFA_LSMS_LNP_1 -->
