<?xml version="1.0" encoding="UTF-8"?>
<!-- Generated by org.testng.reporters.JUnitReportReporter -->
<testsuite skipped="0" hostname="FTR3COF93BK8A76" name="TestCases.WFA_POTS_Dial_Tone_2" tests="1" failures="0" timestamp="2022-05-08T21:22:55 EDT" time="96.792" errors="0">
  <testcase name="DT_48" time="96.792" classname="TestCases.WFA_POTS_Dial_Tone_2"/>
  <system-out/>
</testsuite> <!-- TestCases.WFA_POTS_Dial_Tone_2 -->
