<?xml version="1.0" encoding="UTF-8"?>
<!-- Generated by org.testng.reporters.JUnitReportReporter -->
<testsuite skipped="0" hostname="FTR3COF93BK8A76" name="TestCases.Optimz2_Name_Address_Display_Orders" tests="23" failures="7" timestamp="2022-06-22T03:39:51 EDT" time="836.872" errors="1">
  <testcase name="RX_NameFromS24_AddressFromS14_22" time="22.407" classname="TestCases.Optimz2_Name_Address_Display_Orders"/>
  <system-out/>
  <testcase name="RX_NameFromOsstr_AddressFromOsstr_16" time="84.039" classname="TestCases.Optimz2_Name_Address_Display_Orders">
    <failure type="java.lang.AssertionError" message="The following asserts failed:
	@@line_start [521] line_end; expected [Update_TrxStatus_InAdminGUI] but found [Failed]gui_start  gui_end,
	@@line_start [532] line_end; expected [Please verify the customer&#039;s name and address.Is the customer&#039;s address correct?] but found [Refer customer to Business Office. Online transfer to TX CS business office 800-499-7928. Educate the customer with 800-288-2020 for future reporting.]gui_start  gui_end,
	@@line_start [371] line_end; expected [Exist] but found [Not exist]gui_start  gui_end,
	@@line_start [536] line_end; expected [Update_TrxStatus_InAdminGUI] but found [Failed]gui_start  gui_end">
      <![CDATA[java.lang.AssertionError: The following asserts failed:
@@line_start [521] line_end; expected [Update_TrxStatus_InAdminGUI] but found [Failed]gui_start  gui_end,
@@line_start [532] line_end; expected [Please verify the customer's name and address.Is the customer's address correct?] but found [Refer customer to Business Office. Online transfer to TX CS business office 800-499-7928. Educate the customer with 800-288-2020 for future reporting.]gui_start  gui_end,
@@line_start [371] line_end; expected [Exist] but found [Not exist]gui_start  gui_end,
@@line_start [536] line_end; expected [Update_TrxStatus_InAdminGUI] but found [Failed]gui_start  gui_end
at org.testng.asserts.SoftAssert.assertAll(SoftAssert.java:47)
at org.testng.asserts.SoftAssert.assertAll(SoftAssert.java:31)
at TestCases.Optimz2_Name_Address_Display_Orders.RX_NameFromOsstr_AddressFromOsstr_16(Optimz2_Name_Address_Display_Orders.java:542)
at sun.reflect.NativeMethodAccessorImpl.invoke0(Native Method)
at sun.reflect.NativeMethodAccessorImpl.invoke(NativeMethodAccessorImpl.java:62)
at sun.reflect.DelegatingMethodAccessorImpl.invoke(DelegatingMethodAccessorImpl.java:43)
at java.lang.reflect.Method.invoke(Method.java:498)
at org.testng.internal.MethodInvocationHelper.invokeMethod(MethodInvocationHelper.java:133)
at org.testng.internal.TestInvoker.invokeMethod(TestInvoker.java:598)
at org.testng.internal.TestInvoker.invokeTestMethod(TestInvoker.java:173)
at org.testng.internal.MethodRunner.runInSequence(MethodRunner.java:46)
at org.testng.internal.TestInvoker$MethodInvocationAgent.invoke(TestInvoker.java:824)
at org.testng.internal.TestInvoker.invokeTestMethods(TestInvoker.java:146)
at org.testng.internal.TestMethodWorker.invokeTestMethods(TestMethodWorker.java:146)
at org.testng.internal.TestMethodWorker.run(TestMethodWorker.java:128)
at java.util.concurrent.ThreadPoolExecutor.runWorker(ThreadPoolExecutor.java:1149)
at java.util.concurrent.ThreadPoolExecutor$Worker.run(ThreadPoolExecutor.java:624)
at java.lang.Thread.run(Thread.java:748)
]]>
    </failure>
  </testcase> <!-- RX_NameFromOsstr_AddressFromOsstr_16 -->
  <system-out/>
  <testcase name="RX_NameFromS24_AddressFromS14_23" time="27.400" classname="TestCases.Optimz2_Name_Address_Display_Orders"/>
  <system-out/>
  <testcase name="NameFromSearch_AddressFromS24_SE_14" time="75.838" classname="TestCases.Optimz2_Name_Address_Display_Orders">
    <failure type="java.lang.AssertionError" message="The following asserts failed:
	@@line_start [451] line_end; expected [Update_TrxStatus_InAdminGUI] but found [Failed]gui_start  gui_end,
	@@line_start [455] line_end; expected [Exist] but found [Not exist]gui_start  gui_end,
	@@line_start [461] line_end; expected [Update_TrxStatus_InAdminGUI] but found [Failed]gui_start  gui_end">
      <![CDATA[java.lang.AssertionError: The following asserts failed:
@@line_start [451] line_end; expected [Update_TrxStatus_InAdminGUI] but found [Failed]gui_start  gui_end,
@@line_start [455] line_end; expected [Exist] but found [Not exist]gui_start  gui_end,
@@line_start [461] line_end; expected [Update_TrxStatus_InAdminGUI] but found [Failed]gui_start  gui_end
at org.testng.asserts.SoftAssert.assertAll(SoftAssert.java:47)
at org.testng.asserts.SoftAssert.assertAll(SoftAssert.java:31)
at TestCases.Optimz2_Name_Address_Display_Orders.NameFromSearch_AddressFromS24_SE_14(Optimz2_Name_Address_Display_Orders.java:467)
at sun.reflect.NativeMethodAccessorImpl.invoke0(Native Method)
at sun.reflect.NativeMethodAccessorImpl.invoke(NativeMethodAccessorImpl.java:62)
at sun.reflect.DelegatingMethodAccessorImpl.invoke(DelegatingMethodAccessorImpl.java:43)
at java.lang.reflect.Method.invoke(Method.java:498)
at org.testng.internal.MethodInvocationHelper.invokeMethod(MethodInvocationHelper.java:133)
at org.testng.internal.TestInvoker.invokeMethod(TestInvoker.java:598)
at org.testng.internal.TestInvoker.invokeTestMethod(TestInvoker.java:173)
at org.testng.internal.MethodRunner.runInSequence(MethodRunner.java:46)
at org.testng.internal.TestInvoker$MethodInvocationAgent.invoke(TestInvoker.java:824)
at org.testng.internal.TestInvoker.invokeTestMethods(TestInvoker.java:146)
at org.testng.internal.TestMethodWorker.invokeTestMethods(TestMethodWorker.java:146)
at org.testng.internal.TestMethodWorker.run(TestMethodWorker.java:128)
at java.util.concurrent.ThreadPoolExecutor.runWorker(ThreadPoolExecutor.java:1149)
at java.util.concurrent.ThreadPoolExecutor$Worker.run(ThreadPoolExecutor.java:624)
at java.lang.Thread.run(Thread.java:748)
]]>
    </failure>
  </testcase> <!-- NameFromSearch_AddressFromS24_SE_14 -->
  <system-out/>
  <testcase name="RX_NameFromS24_AddressFromS14_19" time="115.098" classname="TestCases.Optimz2_Name_Address_Display_Orders">
    <failure type="java.lang.AssertionError" message="The following asserts failed:
	@@line_start [371] line_end; expected [Exist] but found [Not exist]gui_start  gui_end,
	@@line_start [625] line_end; expected [Update_TrxStatus_InAdminGUI] but found [Failed]gui_start  gui_end,
	@@line_start [634] line_end; expected [Exist] but found [Not exist]gui_start  gui_end,
	@@line_start [635] line_end; expected [Exist] but found [Not exist]gui_start  gui_end,
	@@line_start [637] line_end; expected [MISSLR] but found [TXCLOSE]gui_start  gui_end,
	@@line_start [640] line_end; expected [Please verify the customer&#039;s name and address.Is the customer&#039;s address correct?] but found [Refer customer to Business Office. Online transfer to IN CS business office 800-206-4102. Educate the customer with 800-288-2020 for future reporting.]gui_start  gui_end,
	@@line_start [371] line_end; expected [Exist] but found [Not exist]gui_start  gui_end,
	@@line_start [644] line_end; expected [Update_TrxStatus_InAdminGUI] but found [Failed]gui_start  gui_end">
      <![CDATA[java.lang.AssertionError: The following asserts failed:
@@line_start [371] line_end; expected [Exist] but found [Not exist]gui_start  gui_end,
@@line_start [625] line_end; expected [Update_TrxStatus_InAdminGUI] but found [Failed]gui_start  gui_end,
@@line_start [634] line_end; expected [Exist] but found [Not exist]gui_start  gui_end,
@@line_start [635] line_end; expected [Exist] but found [Not exist]gui_start  gui_end,
@@line_start [637] line_end; expected [MISSLR] but found [TXCLOSE]gui_start  gui_end,
@@line_start [640] line_end; expected [Please verify the customer's name and address.Is the customer's address correct?] but found [Refer customer to Business Office. Online transfer to IN CS business office 800-206-4102. Educate the customer with 800-288-2020 for future reporting.]gui_start  gui_end,
@@line_start [371] line_end; expected [Exist] but found [Not exist]gui_start  gui_end,
@@line_start [644] line_end; expected [Update_TrxStatus_InAdminGUI] but found [Failed]gui_start  gui_end
at org.testng.asserts.SoftAssert.assertAll(SoftAssert.java:47)
at org.testng.asserts.SoftAssert.assertAll(SoftAssert.java:31)
at TestCases.Optimz2_Name_Address_Display_Orders.RX_NameFromS24_AddressFromS14_19(Optimz2_Name_Address_Display_Orders.java:651)
at sun.reflect.NativeMethodAccessorImpl.invoke0(Native Method)
at sun.reflect.NativeMethodAccessorImpl.invoke(NativeMethodAccessorImpl.java:62)
at sun.reflect.DelegatingMethodAccessorImpl.invoke(DelegatingMethodAccessorImpl.java:43)
at java.lang.reflect.Method.invoke(Method.java:498)
at org.testng.internal.MethodInvocationHelper.invokeMethod(MethodInvocationHelper.java:133)
at org.testng.internal.TestInvoker.invokeMethod(TestInvoker.java:598)
at org.testng.internal.TestInvoker.invokeTestMethod(TestInvoker.java:173)
at org.testng.internal.MethodRunner.runInSequence(MethodRunner.java:46)
at org.testng.internal.TestInvoker$MethodInvocationAgent.invoke(TestInvoker.java:824)
at org.testng.internal.TestInvoker.invokeTestMethods(TestInvoker.java:146)
at org.testng.internal.TestMethodWorker.invokeTestMethods(TestMethodWorker.java:146)
at org.testng.internal.TestMethodWorker.run(TestMethodWorker.java:128)
at java.util.concurrent.ThreadPoolExecutor.runWorker(ThreadPoolExecutor.java:1149)
at java.util.concurrent.ThreadPoolExecutor$Worker.run(ThreadPoolExecutor.java:624)
at java.lang.Thread.run(Thread.java:748)
]]>
    </failure>
  </testcase> <!-- RX_NameFromS24_AddressFromS14_19 -->
  <system-out/>
  <testcase name="NameFromS24_AddressFromS14_09" time="17.528" classname="TestCases.Optimz2_Name_Address_Display_Orders"/>
  <system-out/>
  <testcase name="RX_NameAddress_FromSearch_15" time="18.152" classname="TestCases.Optimz2_Name_Address_Display_Orders"/>
  <system-out/>
  <testcase name="NameFromOsstr_AddressFromS24_06" time="18.548" classname="TestCases.Optimz2_Name_Address_Display_Orders"/>
  <system-out/>
  <testcase name="RX_NameFromS24_AddressFromS14_18" time="20.029" classname="TestCases.Optimz2_Name_Address_Display_Orders"/>
  <system-out/>
  <testcase name="NameFromS24_AddressFromSearch_11" time="17.228" classname="TestCases.Optimz2_Name_Address_Display_Orders"/>
  <system-out/>
  <testcase name="RX_NameFromS24_AddressFromS14_17" time="19.947" classname="TestCases.Optimz2_Name_Address_Display_Orders"/>
  <system-out/>
  <testcase name="NameFromOsstr_AddressFromOsstr_04" time="74.378" classname="TestCases.Optimz2_Name_Address_Display_Orders">
    <failure type="java.lang.AssertionError" message="The following asserts failed:
	@@line_start [185] line_end; expected [Update_TrxStatus_InAdminGUI] but found [Failed]gui_start  gui_end,
	@@line_start [193] line_end;gui_start org.openqa.selenium.TimeoutException: Expected condition failed: waiting for visibility of element located by By.xpath: //div[@nid=&#039;messagedialog_U&#039;]//div[normalize-space()=&#039;Agent Message&#039;]/following-sibling::div//span[@class=&#039;askdialog-message&#039;] (tried for 5 second(s) with 1000 milliseconds interval)
Build info: version: &#039;4.1.2&#039;, revision: &#039;9a5a329c5a&#039;
System info: host: &#039;FTR3COF93BK8A76&#039;, ip: &#039;192.168.0.201&#039;, os.name: &#039;Windows 7&#039;, os.arch: &#039;amd64&#039;, os.version: &#039;6.1&#039;, java.version: &#039;1.8.0_144&#039;
Driver info: driver.version: unknown gui_end">
      <![CDATA[java.lang.AssertionError: The following asserts failed:
@@line_start [185] line_end; expected [Update_TrxStatus_InAdminGUI] but found [Failed]gui_start  gui_end,
@@line_start [193] line_end;gui_start org.openqa.selenium.TimeoutException: Expected condition failed: waiting for visibility of element located by By.xpath: //div[@nid='messagedialog_U']//div[normalize-space()='Agent Message']/following-sibling::div//span[@class='askdialog-message'] (tried for 5 second(s) with 1000 milliseconds interval)
Build info: version: '4.1.2', revision: '9a5a329c5a'
System info: host: 'FTR3COF93BK8A76', ip: '192.168.0.201', os.name: 'Windows 7', os.arch: 'amd64', os.version: '6.1', java.version: '1.8.0_144'
Driver info: driver.version: unknown gui_end
at org.testng.asserts.SoftAssert.assertAll(SoftAssert.java:47)
at org.testng.asserts.SoftAssert.assertAll(SoftAssert.java:31)
at TestCases.Optimz2_Name_Address_Display_Orders.NameFromOsstr_AddressFromOsstr_04(Optimz2_Name_Address_Display_Orders.java:203)
at sun.reflect.NativeMethodAccessorImpl.invoke0(Native Method)
at sun.reflect.NativeMethodAccessorImpl.invoke(NativeMethodAccessorImpl.java:62)
at sun.reflect.DelegatingMethodAccessorImpl.invoke(DelegatingMethodAccessorImpl.java:43)
at java.lang.reflect.Method.invoke(Method.java:498)
at org.testng.internal.MethodInvocationHelper.invokeMethod(MethodInvocationHelper.java:133)
at org.testng.internal.TestInvoker.invokeMethod(TestInvoker.java:598)
at org.testng.internal.TestInvoker.invokeTestMethod(TestInvoker.java:173)
at org.testng.internal.MethodRunner.runInSequence(MethodRunner.java:46)
at org.testng.internal.TestInvoker$MethodInvocationAgent.invoke(TestInvoker.java:824)
at org.testng.internal.TestInvoker.invokeTestMethods(TestInvoker.java:146)
at org.testng.internal.TestMethodWorker.invokeTestMethods(TestMethodWorker.java:146)
at org.testng.internal.TestMethodWorker.run(TestMethodWorker.java:128)
at java.util.concurrent.ThreadPoolExecutor.runWorker(ThreadPoolExecutor.java:1149)
at java.util.concurrent.ThreadPoolExecutor$Worker.run(ThreadPoolExecutor.java:624)
at java.lang.Thread.run(Thread.java:748)
]]>
    </failure>
  </testcase> <!-- NameFromOsstr_AddressFromOsstr_04 -->
  <system-out/>
  <testcase name="RX_NameFromS24_AddressFromS14_20" time="24.131" classname="TestCases.Optimz2_Name_Address_Display_Orders"/>
  <system-out/>
  <testcase name="NameFromOsstr_AddressFromSearch_07" time="97.391" classname="TestCases.Optimz2_Name_Address_Display_Orders">
    <failure type="java.lang.AssertionError" message="The following asserts failed:
	@@line_start [371] line_end; expected [Exist] but found [Not exist]gui_start  gui_end,
	@@line_start [285] line_end; expected [Update_TrxStatus_InAdminGUI] but found [Failed]gui_start  gui_end,
	@@line_start [289] line_end; expected [Exist] but found [Not exist]gui_start  gui_end,
	@@line_start [290] line_end; expected [Exist] but found [Not exist]gui_start  gui_end,
	@@line_start [295] line_end; expected [Update_TrxStatus_InAdminGUI] but found [Failed]gui_start  gui_end">
      <![CDATA[java.lang.AssertionError: The following asserts failed:
@@line_start [371] line_end; expected [Exist] but found [Not exist]gui_start  gui_end,
@@line_start [285] line_end; expected [Update_TrxStatus_InAdminGUI] but found [Failed]gui_start  gui_end,
@@line_start [289] line_end; expected [Exist] but found [Not exist]gui_start  gui_end,
@@line_start [290] line_end; expected [Exist] but found [Not exist]gui_start  gui_end,
@@line_start [295] line_end; expected [Update_TrxStatus_InAdminGUI] but found [Failed]gui_start  gui_end
at org.testng.asserts.SoftAssert.assertAll(SoftAssert.java:47)
at org.testng.asserts.SoftAssert.assertAll(SoftAssert.java:31)
at TestCases.Optimz2_Name_Address_Display_Orders.NameFromOsstr_AddressFromSearch_07(Optimz2_Name_Address_Display_Orders.java:301)
at sun.reflect.NativeMethodAccessorImpl.invoke0(Native Method)
at sun.reflect.NativeMethodAccessorImpl.invoke(NativeMethodAccessorImpl.java:62)
at sun.reflect.DelegatingMethodAccessorImpl.invoke(DelegatingMethodAccessorImpl.java:43)
at java.lang.reflect.Method.invoke(Method.java:498)
at org.testng.internal.MethodInvocationHelper.invokeMethod(MethodInvocationHelper.java:133)
at org.testng.internal.TestInvoker.invokeMethod(TestInvoker.java:598)
at org.testng.internal.TestInvoker.invokeTestMethod(TestInvoker.java:173)
at org.testng.internal.MethodRunner.runInSequence(MethodRunner.java:46)
at org.testng.internal.TestInvoker$MethodInvocationAgent.invoke(TestInvoker.java:824)
at org.testng.internal.TestInvoker.invokeTestMethods(TestInvoker.java:146)
at org.testng.internal.TestMethodWorker.invokeTestMethods(TestMethodWorker.java:146)
at org.testng.internal.TestMethodWorker.run(TestMethodWorker.java:128)
at java.util.concurrent.ThreadPoolExecutor.runWorker(ThreadPoolExecutor.java:1149)
at java.util.concurrent.ThreadPoolExecutor$Worker.run(ThreadPoolExecutor.java:624)
at java.lang.Thread.run(Thread.java:748)
]]>
    </failure>
  </testcase> <!-- NameFromOsstr_AddressFromSearch_07 -->
  <system-out/>
  <testcase name="DPA_Address_Not_Found_02" time="26.469" classname="TestCases.Optimz2_Name_Address_Display_Orders"/>
  <system-out/>
  <testcase name="DPA_NameAddress_FromSearch_01" time="19.069" classname="TestCases.Optimz2_Name_Address_Display_Orders">
    <error type="java.lang.StackOverflowError">
      <![CDATA[java.lang.StackOverflowError
at Function_Libary.functions.ExceptionMessageFormat(functions.java:139)
at Function_Libary.functions.ExceptionMessageFormat(functions.java:140)
at Function_Libary.functions.ExceptionMessageFormat(functions.java:140)
at Function_Libary.functions.ExceptionMessageFormat(functions.java:140)
at Function_Libary.functions.ExceptionMessageFormat(functions.java:140)
at Function_Libary.functions.ExceptionMessageFormat(functions.java:140)
at Function_Libary.functions.ExceptionMessageFormat(functions.java:140)
at Function_Libary.functions.ExceptionMessageFormat(functions.java:140)
at Function_Libary.functions.ExceptionMessageFormat(functions.java:140)
at Function_Libary.functions.ExceptionMessageFormat(functions.java:140)
at Function_Libary.functions.ExceptionMessageFormat(functions.java:140)
at Function_Libary.functions.ExceptionMessageFormat(functions.java:140)
at Function_Libary.functions.ExceptionMessageFormat(functions.java:140)
at Function_Libary.functions.ExceptionMessageFormat(functions.java:140)
at Function_Libary.functions.ExceptionMessageFormat(functions.java:140)
at Function_Libary.functions.ExceptionMessageFormat(functions.java:140)
at Function_Libary.functions.ExceptionMessageFormat(functions.java:140)
at Function_Libary.functions.ExceptionMessageFormat(functions.java:140)
at Function_Libary.functions.ExceptionMessageFormat(functions.java:140)
at Function_Libary.functions.ExceptionMessageFormat(functions.java:140)
at Function_Libary.functions.ExceptionMessageFormat(functions.java:140)
at Function_Libary.functions.ExceptionMessageFormat(functions.java:140)
at Function_Libary.functions.ExceptionMessageFormat(functions.java:140)
at Function_Libary.functions.ExceptionMessageFormat(functions.java:140)
at Function_Libary.functions.ExceptionMessageFormat(functions.java:140)
at Function_Libary.functions.ExceptionMessageFormat(functions.java:140)
at Function_Libary.functions.ExceptionMessageFormat(functions.java:140)
at Function_Libary.functions.ExceptionMessageFormat(functions.java:140)
at Function_Libary.functions.ExceptionMessageFormat(functions.java:140)
at Function_Libary.functions.ExceptionMessageFormat(functions.java:140)
at Function_Libary.functions.ExceptionMessageFormat(functions.java:140)
at Function_Libary.functions.ExceptionMessageFormat(functions.java:140)
at Function_Libary.functions.ExceptionMessageFormat(functions.java:140)
at Function_Libary.functions.ExceptionMessageFormat(functions.java:140)
at Function_Libary.functions.ExceptionMessageFormat(functions.java:140)
at Function_Libary.functions.ExceptionMessageFormat(functions.java:140)
at Function_Libary.functions.ExceptionMessageFormat(functions.java:140)
at Function_Libary.functions.ExceptionMessageFormat(functions.java:140)
at Function_Libary.functions.ExceptionMessageFormat(functions.java:140)
at Function_Libary.functions.ExceptionMessageFormat(functions.java:140)
at Function_Libary.functions.ExceptionMessageFormat(functions.java:140)
at Function_Libary.functions.ExceptionMessageFormat(functions.java:140)
at Function_Libary.functions.ExceptionMessageFormat(functions.java:140)
at Function_Libary.functions.ExceptionMessageFormat(functions.java:140)
at Function_Libary.functions.ExceptionMessageFormat(functions.java:140)
at Function_Libary.functions.ExceptionMessageFormat(functions.java:140)
at Function_Libary.functions.ExceptionMessageFormat(functions.java:140)
at Function_Libary.functions.ExceptionMessageFormat(functions.java:140)
at Function_Libary.functions.ExceptionMessageFormat(functions.java:140)
at Function_Libary.functions.ExceptionMessageFormat(functions.java:140)
at Function_Libary.functions.ExceptionMessageFormat(functions.java:140)
at Function_Libary.functions.ExceptionMessageFormat(functions.java:140)
at Function_Libary.functions.ExceptionMessageFormat(functions.java:140)
at Function_Libary.functions.ExceptionMessageFormat(functions.java:140)
at Function_Libary.functions.ExceptionMessageFormat(functions.java:140)
at Function_Libary.functions.ExceptionMessageFormat(functions.java:140)
at Function_Libary.functions.ExceptionMessageFormat(functions.java:140)
at Function_Libary.functions.ExceptionMessageFormat(functions.java:140)
at Function_Libary.functions.ExceptionMessageFormat(functions.java:140)
at Function_Libary.functions.ExceptionMessageFormat(functions.java:140)
at Function_Libary.functions.ExceptionMessageFormat(functions.java:140)
at Function_Libary.functions.ExceptionMessageFormat(functions.java:140)
at Function_Libary.functions.ExceptionMessageFormat(functions.java:140)
at Function_Libary.functions.ExceptionMessageFormat(functions.java:140)
at Function_Libary.functions.ExceptionMessageFormat(functions.java:140)
at Function_Libary.functions.ExceptionMessageFormat(functions.java:140)
at Function_Libary.functions.ExceptionMessageFormat(functions.java:140)
at Function_Libary.functions.ExceptionMessageFormat(functions.java:140)
at Function_Libary.functions.ExceptionMessageFormat(functions.java:140)
at Function_Libary.functions.ExceptionMessageFormat(functions.java:140)
at Function_Libary.functions.ExceptionMessageFormat(functions.java:140)
at Function_Libary.functions.ExceptionMessageFormat(functions.java:140)
at Function_Libary.functions.ExceptionMessageFormat(functions.java:140)
at Function_Libary.functions.ExceptionMessageFormat(functions.java:140)
at Function_Libary.functions.ExceptionMessageFormat(functions.java:140)
at Function_Libary.functions.ExceptionMessageFormat(functions.java:140)
at Function_Libary.functions.ExceptionMessageFormat(functions.java:140)
at Function_Libary.functions.ExceptionMessageFormat(functions.java:140)
at Function_Libary.functions.ExceptionMessageFormat(functions.java:140)
at Function_Libary.functions.ExceptionMessageFormat(functions.java:140)
at Function_Libary.functions.ExceptionMessageFormat(functions.java:140)
at Function_Libary.functions.ExceptionMessageFormat(functions.java:140)
at Function_Libary.functions.ExceptionMessageFormat(functions.java:140)
at Function_Libary.functions.ExceptionMessageFormat(functions.java:140)
at Function_Libary.functions.ExceptionMessageFormat(functions.java:140)
at Function_Libary.functions.ExceptionMessageFormat(functions.java:140)
at Function_Libary.functions.ExceptionMessageFormat(functions.java:140)
at Function_Libary.functions.ExceptionMessageFormat(functions.java:140)
at Function_Libary.functions.ExceptionMessageFormat(functions.java:140)
at Function_Libary.functions.ExceptionMessageFormat(functions.java:140)
at Function_Libary.functions.ExceptionMessageFormat(functions.java:140)
at Function_Libary.functions.ExceptionMessageFormat(functions.java:140)
at Function_Libary.functions.ExceptionMessageFormat(functions.java:140)
at Function_Libary.functions.ExceptionMessageFormat(functions.java:140)
at Function_Libary.functions.ExceptionMessageFormat(functions.java:140)
at Function_Libary.functions.ExceptionMessageFormat(functions.java:140)
at Function_Libary.functions.ExceptionMessageFormat(functions.java:140)
at Function_Libary.functions.ExceptionMessageFormat(functions.java:140)
at Function_Libary.functions.ExceptionMessageFormat(functions.java:140)
at Function_Libary.functions.ExceptionMessageFormat(functions.java:140)
at Function_Libary.functions.ExceptionMessageFormat(functions.java:140)
at Function_Libary.functions.ExceptionMessageFormat(functions.java:140)
at Function_Libary.functions.ExceptionMessageFormat(functions.java:140)
at Function_Libary.functions.ExceptionMessageFormat(functions.java:140)
at Function_Libary.functions.ExceptionMessageFormat(functions.java:140)
at Function_Libary.functions.ExceptionMessageFormat(functions.java:140)
at Function_Libary.functions.ExceptionMessageFormat(functions.java:140)
at Function_Libary.functions.ExceptionMessageFormat(functions.java:140)
at Function_Libary.functions.ExceptionMessageFormat(functions.java:140)
at Function_Libary.functions.ExceptionMessageFormat(functions.java:140)
at Function_Libary.functions.ExceptionMessageFormat(functions.java:140)
at Function_Libary.functions.ExceptionMessageFormat(functions.java:140)
at Function_Libary.functions.ExceptionMessageFormat(functions.java:140)
at Function_Libary.functions.ExceptionMessageFormat(functions.java:140)
at Function_Libary.functions.ExceptionMessageFormat(functions.java:140)
at Function_Libary.functions.ExceptionMessageFormat(functions.java:140)
at Function_Libary.functions.ExceptionMessageFormat(functions.java:140)
at Function_Libary.functions.ExceptionMessageFormat(functions.java:140)
at Function_Libary.functions.ExceptionMessageFormat(functions.java:140)
at Function_Libary.functions.ExceptionMessageFormat(functions.java:140)
at Function_Libary.functions.ExceptionMessageFormat(functions.java:140)
at Function_Libary.functions.ExceptionMessageFormat(functions.java:140)
at Function_Libary.functions.ExceptionMessageFormat(functions.java:140)
at Function_Libary.functions.ExceptionMessageFormat(functions.java:140)
at Function_Libary.functions.ExceptionMessageFormat(functions.java:140)
at Function_Libary.functions.ExceptionMessageFormat(functions.java:140)
at Function_Libary.functions.ExceptionMessageFormat(functions.java:140)
at Function_Libary.functions.ExceptionMessageFormat(functions.java:140)
at Function_Libary.functions.ExceptionMessageFormat(functions.java:140)
at Function_Libary.functions.ExceptionMessageFormat(functions.java:140)
at Function_Libary.functions.ExceptionMessageFormat(functions.java:140)
at Function_Libary.functions.ExceptionMessageFormat(functions.java:140)
at Function_Libary.functions.ExceptionMessageFormat(functions.java:140)
at Function_Libary.functions.ExceptionMessageFormat(functions.java:140)
at Function_Libary.functions.ExceptionMessageFormat(functions.java:140)
at Function_Libary.functions.ExceptionMessageFormat(functions.java:140)
at Function_Libary.functions.ExceptionMessageFormat(functions.java:140)
at Function_Libary.functions.ExceptionMessageFormat(functions.java:140)
at Function_Libary.functions.ExceptionMessageFormat(functions.java:140)
at Function_Libary.functions.ExceptionMessageFormat(functions.java:140)
at Function_Libary.functions.ExceptionMessageFormat(functions.java:140)
at Function_Libary.functions.ExceptionMessageFormat(functions.java:140)
at Function_Libary.functions.ExceptionMessageFormat(functions.java:140)
at Function_Libary.functions.ExceptionMessageFormat(functions.java:140)
at Function_Libary.functions.ExceptionMessageFormat(functions.java:140)
at Function_Libary.functions.ExceptionMessageFormat(functions.java:140)
at Function_Libary.functions.ExceptionMessageFormat(functions.java:140)
at Function_Libary.functions.ExceptionMessageFormat(functions.java:140)
at Function_Libary.functions.ExceptionMessageFormat(functions.java:140)
at Function_Libary.functions.ExceptionMessageFormat(functions.java:140)
at Function_Libary.functions.ExceptionMessageFormat(functions.java:140)
at Function_Libary.functions.ExceptionMessageFormat(functions.java:140)
at Function_Libary.functions.ExceptionMessageFormat(functions.java:140)
at Function_Libary.functions.ExceptionMessageFormat(functions.java:140)
at Function_Libary.functions.ExceptionMessageFormat(functions.java:140)
at Function_Libary.functions.ExceptionMessageFormat(functions.java:140)
at Function_Libary.functions.ExceptionMessageFormat(functions.java:140)
at Function_Libary.functions.ExceptionMessageFormat(functions.java:140)
at Function_Libary.functions.ExceptionMessageFormat(functions.java:140)
at Function_Libary.functions.ExceptionMessageFormat(functions.java:140)
at Function_Libary.functions.ExceptionMessageFormat(functions.java:140)
at Function_Libary.functions.ExceptionMessageFormat(functions.java:140)
at Function_Libary.functions.ExceptionMessageFormat(functions.java:140)
at Function_Libary.functions.ExceptionMessageFormat(functions.java:140)
at Function_Libary.functions.ExceptionMessageFormat(functions.java:140)
at Function_Libary.functions.ExceptionMessageFormat(functions.java:140)
at Function_Libary.functions.ExceptionMessageFormat(functions.java:140)
at Function_Libary.functions.ExceptionMessageFormat(functions.java:140)
at Function_Libary.functions.ExceptionMessageFormat(functions.java:140)
at Function_Libary.functions.ExceptionMessageFormat(functions.java:140)
at Function_Libary.functions.ExceptionMessageFormat(functions.java:140)
at Function_Libary.functions.ExceptionMessageFormat(functions.java:140)
at Function_Libary.functions.ExceptionMessageFormat(functions.java:140)
at Function_Libary.functions.ExceptionMessageFormat(functions.java:140)
at Function_Libary.functions.ExceptionMessageFormat(functions.java:140)
at Function_Libary.functions.ExceptionMessageFormat(functions.java:140)
at Function_Libary.functions.ExceptionMessageFormat(functions.java:140)
at Function_Libary.functions.ExceptionMessageFormat(functions.java:140)
at Function_Libary.functions.ExceptionMessageFormat(functions.java:140)
at Function_Libary.functions.ExceptionMessageFormat(functions.java:140)
at Function_Libary.functions.ExceptionMessageFormat(functions.java:140)
at Function_Libary.functions.ExceptionMessageFormat(functions.java:140)
at Function_Libary.functions.ExceptionMessageFormat(functions.java:140)
at Function_Libary.functions.ExceptionMessageFormat(functions.java:140)
at Function_Libary.functions.ExceptionMessageFormat(functions.java:140)
at Function_Libary.functions.ExceptionMessageFormat(functions.java:140)
at Function_Libary.functions.ExceptionMessageFormat(functions.java:140)
at Function_Libary.functions.ExceptionMessageFormat(functions.java:140)
at Function_Libary.functions.ExceptionMessageFormat(functions.java:140)
at Function_Libary.functions.ExceptionMessageFormat(functions.java:140)
at Function_Libary.functions.ExceptionMessageFormat(functions.java:140)
at Function_Libary.functions.ExceptionMessageFormat(functions.java:140)
at Function_Libary.functions.ExceptionMessageFormat(functions.java:140)
at Function_Libary.functions.ExceptionMessageFormat(functions.java:140)
at Function_Libary.functions.ExceptionMessageFormat(functions.java:140)
at Function_Libary.functions.ExceptionMessageFormat(functions.java:140)
at Function_Libary.functions.ExceptionMessageFormat(functions.java:140)
at Function_Libary.functions.ExceptionMessageFormat(functions.java:140)
at Function_Libary.functions.ExceptionMessageFormat(functions.java:140)
at Function_Libary.functions.ExceptionMessageFormat(functions.java:140)
at Function_Libary.functions.ExceptionMessageFormat(functions.java:140)
at Function_Libary.functions.ExceptionMessageFormat(functions.java:140)
at Function_Libary.functions.ExceptionMessageFormat(functions.java:140)
at Function_Libary.functions.ExceptionMessageFormat(functions.java:140)
at Function_Libary.functions.ExceptionMessageFormat(functions.java:140)
at Function_Libary.functions.ExceptionMessageFormat(functions.java:140)
at Function_Libary.functions.ExceptionMessageFormat(functions.java:140)
at Function_Libary.functions.ExceptionMessageFormat(functions.java:140)
at Function_Libary.functions.ExceptionMessageFormat(functions.java:140)
at Function_Libary.functions.ExceptionMessageFormat(functions.java:140)
at Function_Libary.functions.ExceptionMessageFormat(functions.java:140)
at Function_Libary.functions.ExceptionMessageFormat(functions.java:140)
at Function_Libary.functions.ExceptionMessageFormat(functions.java:140)
at Function_Libary.functions.ExceptionMessageFormat(functions.java:140)
at Function_Libary.functions.ExceptionMessageFormat(functions.java:140)
at Function_Libary.functions.ExceptionMessageFormat(functions.java:140)
at Function_Libary.functions.ExceptionMessageFormat(functions.java:140)
at Function_Libary.functions.ExceptionMessageFormat(functions.java:140)
at Function_Libary.functions.ExceptionMessageFormat(functions.java:140)
at Function_Libary.functions.ExceptionMessageFormat(functions.java:140)
at Function_Libary.functions.ExceptionMessageFormat(functions.java:140)
at Function_Libary.functions.ExceptionMessageFormat(functions.java:140)
at Function_Libary.functions.ExceptionMessageFormat(functions.java:140)
at Function_Libary.functions.ExceptionMessageFormat(functions.java:140)
at Function_Libary.functions.ExceptionMessageFormat(functions.java:140)
at Function_Libary.functions.ExceptionMessageFormat(functions.java:140)
at Function_Libary.functions.ExceptionMessageFormat(functions.java:140)
at Function_Libary.functions.ExceptionMessageFormat(functions.java:140)
at Function_Libary.functions.ExceptionMessageFormat(functions.java:140)
at Function_Libary.functions.ExceptionMessageFormat(functions.java:140)
at Function_Libary.functions.ExceptionMessageFormat(functions.java:140)
at Function_Libary.functions.ExceptionMessageFormat(functions.java:140)
at Function_Libary.functions.ExceptionMessageFormat(functions.java:140)
at Function_Libary.functions.ExceptionMessageFormat(functions.java:140)
at Function_Libary.functions.ExceptionMessageFormat(functions.java:140)
at Function_Libary.functions.ExceptionMessageFormat(functions.java:140)
at Function_Libary.functions.ExceptionMessageFormat(functions.java:140)
at Function_Libary.functions.ExceptionMessageFormat(functions.java:140)
at Function_Libary.functions.ExceptionMessageFormat(functions.java:140)
at Function_Libary.functions.ExceptionMessageFormat(functions.java:140)
at Function_Libary.functions.ExceptionMessageFormat(functions.java:140)
at Function_Libary.functions.ExceptionMessageFormat(functions.java:140)
at Function_Libary.functions.ExceptionMessageFormat(functions.java:140)
at Function_Libary.functions.ExceptionMessageFormat(functions.java:140)
at Function_Libary.functions.ExceptionMessageFormat(functions.java:140)
at Function_Libary.functions.ExceptionMessageFormat(functions.java:140)
at Function_Libary.functions.ExceptionMessageFormat(functions.java:140)
at Function_Libary.functions.ExceptionMessageFormat(functions.java:140)
at Function_Libary.functions.ExceptionMessageFormat(functions.java:140)
at Function_Libary.functions.ExceptionMessageFormat(functions.java:140)
at Function_Libary.functions.ExceptionMessageFormat(functions.java:140)
at Function_Libary.functions.ExceptionMessageFormat(functions.java:140)
at Function_Libary.functions.ExceptionMessageFormat(functions.java:140)
at Function_Libary.functions.ExceptionMessageFormat(functions.java:140)
at Function_Libary.functions.ExceptionMessageFormat(functions.java:140)
at Function_Libary.functions.ExceptionMessageFormat(functions.java:140)
at Function_Libary.functions.ExceptionMessageFormat(functions.java:140)
at Function_Libary.functions.ExceptionMessageFormat(functions.java:140)
at Function_Libary.functions.ExceptionMessageFormat(functions.java:140)
at Function_Libary.functions.ExceptionMessageFormat(functions.java:140)
at Function_Libary.functions.ExceptionMessageFormat(functions.java:140)
at Function_Libary.functions.ExceptionMessageFormat(functions.java:140)
at Function_Libary.functions.ExceptionMessageFormat(functions.java:140)
at Function_Libary.functions.ExceptionMessageFormat(functions.java:140)
at Function_Libary.functions.ExceptionMessageFormat(functions.java:140)
at Function_Libary.functions.ExceptionMessageFormat(functions.java:140)
at Function_Libary.functions.ExceptionMessageFormat(functions.java:140)
at Function_Libary.functions.ExceptionMessageFormat(functions.java:140)
at Function_Libary.functions.ExceptionMessageFormat(functions.java:140)
at Function_Libary.functions.ExceptionMessageFormat(functions.java:140)
at Function_Libary.functions.ExceptionMessageFormat(functions.java:140)
at Function_Libary.functions.ExceptionMessageFormat(functions.java:140)
at Function_Libary.functions.ExceptionMessageFormat(functions.java:140)
at Function_Libary.functions.ExceptionMessageFormat(functions.java:140)
at Function_Libary.functions.ExceptionMessageFormat(functions.java:140)
at Function_Libary.functions.ExceptionMessageFormat(functions.java:140)
at Function_Libary.functions.ExceptionMessageFormat(functions.java:140)
at Function_Libary.functions.ExceptionMessageFormat(functions.java:140)
at Function_Libary.functions.ExceptionMessageFormat(functions.java:140)
at Function_Libary.functions.ExceptionMessageFormat(functions.java:140)
at Function_Libary.functions.ExceptionMessageFormat(functions.java:140)
at Function_Libary.functions.ExceptionMessageFormat(functions.java:140)
at Function_Libary.functions.ExceptionMessageFormat(functions.java:140)
at Function_Libary.functions.ExceptionMessageFormat(functions.java:140)
at Function_Libary.functions.ExceptionMessageFormat(functions.java:140)
at Function_Libary.functions.ExceptionMessageFormat(functions.java:140)
at Function_Libary.functions.ExceptionMessageFormat(functions.java:140)
at Function_Libary.functions.ExceptionMessageFormat(functions.java:140)
at Function_Libary.functions.ExceptionMessageFormat(functions.java:140)
at Function_Libary.functions.ExceptionMessageFormat(functions.java:140)
at Function_Libary.functions.ExceptionMessageFormat(functions.java:140)
at Function_Libary.functions.ExceptionMessageFormat(functions.java:140)
at Function_Libary.functions.ExceptionMessageFormat(functions.java:140)
at Function_Libary.functions.ExceptionMessageFormat(functions.java:140)
at Function_Libary.functions.ExceptionMessageFormat(functions.java:140)
at Function_Libary.functions.ExceptionMessageFormat(functions.java:140)
at Function_Libary.functions.ExceptionMessageFormat(functions.java:140)
at Function_Libary.functions.ExceptionMessageFormat(functions.java:140)
at Function_Libary.functions.ExceptionMessageFormat(functions.java:140)
at Function_Libary.functions.ExceptionMessageFormat(functions.java:140)
at Function_Libary.functions.ExceptionMessageFormat(functions.java:140)
at Function_Libary.functions.ExceptionMessageFormat(functions.java:140)
at Function_Libary.functions.ExceptionMessageFormat(functions.java:140)
at Function_Libary.functions.ExceptionMessageFormat(functions.java:140)
at Function_Libary.functions.ExceptionMessageFormat(functions.java:140)
at Function_Libary.functions.ExceptionMessageFormat(functions.java:140)
at Function_Libary.functions.ExceptionMessageFormat(functions.java:140)
at Function_Libary.functions.ExceptionMessageFormat(functions.java:140)
at Function_Libary.functions.ExceptionMessageFormat(functions.java:140)
at Function_Libary.functions.ExceptionMessageFormat(functions.java:140)
at Function_Libary.functions.ExceptionMessageFormat(functions.java:140)
at Function_Libary.functions.ExceptionMessageFormat(functions.java:140)
at Function_Libary.functions.ExceptionMessageFormat(functions.java:140)
at Function_Libary.functions.ExceptionMessageFormat(functions.java:140)
at Function_Libary.functions.ExceptionMessageFormat(functions.java:140)
at Function_Libary.functions.ExceptionMessageFormat(functions.java:140)
at Function_Libary.functions.ExceptionMessageFormat(functions.java:140)
at Function_Libary.functions.ExceptionMessageFormat(functions.java:140)
at Function_Libary.functions.ExceptionMessageFormat(functions.java:140)
at Function_Libary.functions.ExceptionMessageFormat(functions.java:140)
at Function_Libary.functions.ExceptionMessageFormat(functions.java:140)
at Function_Libary.functions.ExceptionMessageFormat(functions.java:140)
at Function_Libary.functions.ExceptionMessageFormat(functions.java:140)
at Function_Libary.functions.ExceptionMessageFormat(functions.java:140)
at Function_Libary.functions.ExceptionMessageFormat(functions.java:140)
at Function_Libary.functions.ExceptionMessageFormat(functions.java:140)
at Function_Libary.functions.ExceptionMessageFormat(functions.java:140)
at Function_Libary.functions.ExceptionMessageFormat(functions.java:140)
at Function_Libary.functions.ExceptionMessageFormat(functions.java:140)
at Function_Libary.functions.ExceptionMessageFormat(functions.java:140)
at Function_Libary.functions.ExceptionMessageFormat(functions.java:140)
at Function_Libary.functions.ExceptionMessageFormat(functions.java:140)
at Function_Libary.functions.ExceptionMessageFormat(functions.java:140)
at Function_Libary.functions.ExceptionMessageFormat(functions.java:140)
at Function_Libary.functions.ExceptionMessageFormat(functions.java:140)
at Function_Libary.functions.ExceptionMessageFormat(functions.java:140)
at Function_Libary.functions.ExceptionMessageFormat(functions.java:140)
at Function_Libary.functions.ExceptionMessageFormat(functions.java:140)
at Function_Libary.functions.ExceptionMessageFormat(functions.java:140)
at Function_Libary.functions.ExceptionMessageFormat(functions.java:140)
at Function_Libary.functions.ExceptionMessageFormat(functions.java:140)
at Function_Libary.functions.ExceptionMessageFormat(functions.java:140)
at Function_Libary.functions.ExceptionMessageFormat(functions.java:140)
at Function_Libary.functions.ExceptionMessageFormat(functions.java:140)
at Function_Libary.functions.ExceptionMessageFormat(functions.java:140)
at Function_Libary.functions.ExceptionMessageFormat(functions.java:140)
at Function_Libary.functions.ExceptionMessageFormat(functions.java:140)
at Function_Libary.functions.ExceptionMessageFormat(functions.java:140)
at Function_Libary.functions.ExceptionMessageFormat(functions.java:140)
at Function_Libary.functions.ExceptionMessageFormat(functions.java:140)
at Function_Libary.functions.ExceptionMessageFormat(functions.java:140)
at Function_Libary.functions.ExceptionMessageFormat(functions.java:140)
at Function_Libary.functions.ExceptionMessageFormat(functions.java:140)
at Function_Libary.functions.ExceptionMessageFormat(functions.java:140)
at Function_Libary.functions.ExceptionMessageFormat(functions.java:140)
at Function_Libary.functions.ExceptionMessageFormat(functions.java:140)
at Function_Libary.functions.ExceptionMessageFormat(functions.java:140)
at Function_Libary.functions.ExceptionMessageFormat(functions.java:140)
at Function_Libary.functions.ExceptionMessageFormat(functions.java:140)
at Function_Libary.functions.ExceptionMessageFormat(functions.java:140)
at Function_Libary.functions.ExceptionMessageFormat(functions.java:140)
at Function_Libary.functions.ExceptionMessageFormat(functions.java:140)
at Function_Libary.functions.ExceptionMessageFormat(functions.java:140)
at Function_Libary.functions.ExceptionMessageFormat(functions.java:140)
at Function_Libary.functions.ExceptionMessageFormat(functions.java:140)
at Function_Libary.functions.ExceptionMessageFormat(functions.java:140)
at Function_Libary.functions.ExceptionMessageFormat(functions.java:140)
at Function_Libary.functions.ExceptionMessageFormat(functions.java:140)
at Function_Libary.functions.ExceptionMessageFormat(functions.java:140)
at Function_Libary.functions.ExceptionMessageFormat(functions.java:140)
at Function_Libary.functions.ExceptionMessageFormat(functions.java:140)
at Function_Libary.functions.ExceptionMessageFormat(functions.java:140)
at Function_Libary.functions.ExceptionMessageFormat(functions.java:140)
at Function_Libary.functions.ExceptionMessageFormat(functions.java:140)
at Function_Libary.functions.ExceptionMessageFormat(functions.java:140)
at Function_Libary.functions.ExceptionMessageFormat(functions.java:140)
at Function_Libary.functions.ExceptionMessageFormat(functions.java:140)
at Function_Libary.functions.ExceptionMessageFormat(functions.java:140)
at Function_Libary.functions.ExceptionMessageFormat(functions.java:140)
at Function_Libary.functions.ExceptionMessageFormat(functions.java:140)
at Function_Libary.functions.ExceptionMessageFormat(functions.java:140)
at Function_Libary.functions.ExceptionMessageFormat(functions.java:140)
at Function_Libary.functions.ExceptionMessageFormat(functions.java:140)
at Function_Libary.functions.ExceptionMessageFormat(functions.java:140)
at Function_Libary.functions.ExceptionMessageFormat(functions.java:140)
at Function_Libary.functions.ExceptionMessageFormat(functions.java:140)
at Function_Libary.functions.ExceptionMessageFormat(functions.java:140)
at Function_Libary.functions.ExceptionMessageFormat(functions.java:140)
at Function_Libary.functions.ExceptionMessageFormat(functions.java:140)
at Function_Libary.functions.ExceptionMessageFormat(functions.java:140)
at Function_Libary.functions.ExceptionMessageFormat(functions.java:140)
at Function_Libary.functions.ExceptionMessageFormat(functions.java:140)
at Function_Libary.functions.ExceptionMessageFormat(functions.java:140)
at Function_Libary.functions.ExceptionMessageFormat(functions.java:140)
at Function_Libary.functions.ExceptionMessageFormat(functions.java:140)
at Function_Libary.functions.ExceptionMessageFormat(functions.java:140)
at Function_Libary.functions.ExceptionMessageFormat(functions.java:140)
at Function_Libary.functions.ExceptionMessageFormat(functions.java:140)
at Function_Libary.functions.ExceptionMessageFormat(functions.java:140)
at Function_Libary.functions.ExceptionMessageFormat(functions.java:140)
at Function_Libary.functions.ExceptionMessageFormat(functions.java:140)
at Function_Libary.functions.ExceptionMessageFormat(functions.java:140)
at Function_Libary.functions.ExceptionMessageFormat(functions.java:140)
at Function_Libary.functions.ExceptionMessageFormat(functions.java:140)
at Function_Libary.functions.ExceptionMessageFormat(functions.java:140)
at Function_Libary.functions.ExceptionMessageFormat(functions.java:140)
at Function_Libary.functions.ExceptionMessageFormat(functions.java:140)
at Function_Libary.functions.ExceptionMessageFormat(functions.java:140)
at Function_Libary.functions.ExceptionMessageFormat(functions.java:140)
at Function_Libary.functions.ExceptionMessageFormat(functions.java:140)
at Function_Libary.functions.ExceptionMessageFormat(functions.java:140)
at Function_Libary.functions.ExceptionMessageFormat(functions.java:140)
at Function_Libary.functions.ExceptionMessageFormat(functions.java:140)
at Function_Libary.functions.ExceptionMessageFormat(functions.java:140)
at Function_Libary.functions.ExceptionMessageFormat(functions.java:140)
at Function_Libary.functions.ExceptionMessageFormat(functions.java:140)
at Function_Libary.functions.ExceptionMessageFormat(functions.java:140)
at Function_Libary.functions.ExceptionMessageFormat(functions.java:140)
at Function_Libary.functions.ExceptionMessageFormat(functions.java:140)
at Function_Libary.functions.ExceptionMessageFormat(functions.java:140)
at Function_Libary.functions.ExceptionMessageFormat(functions.java:140)
at Function_Libary.functions.ExceptionMessageFormat(functions.java:140)
at Function_Libary.functions.ExceptionMessageFormat(functions.java:140)
at Function_Libary.functions.ExceptionMessageFormat(functions.java:140)
at Function_Libary.functions.ExceptionMessageFormat(functions.java:140)
at Function_Libary.functions.ExceptionMessageFormat(functions.java:140)
at Function_Libary.functions.ExceptionMessageFormat(functions.java:140)
at Function_Libary.functions.ExceptionMessageFormat(functions.java:140)
at Function_Libary.functions.ExceptionMessageFormat(functions.java:140)
at Function_Libary.functions.ExceptionMessageFormat(functions.java:140)
at Function_Libary.functions.ExceptionMessageFormat(functions.java:140)
at Function_Libary.functions.ExceptionMessageFormat(functions.java:140)
at Function_Libary.functions.ExceptionMessageFormat(functions.java:140)
at Function_Libary.functions.ExceptionMessageFormat(functions.java:140)
at Function_Libary.functions.ExceptionMessageFormat(functions.java:140)
at Function_Libary.functions.ExceptionMessageFormat(functions.java:140)
at Function_Libary.functions.ExceptionMessageFormat(functions.java:140)
at Function_Libary.functions.ExceptionMessageFormat(functions.java:140)
at Function_Libary.functions.ExceptionMessageFormat(functions.java:140)
at Function_Libary.functions.ExceptionMessageFormat(functions.java:140)
at Function_Libary.functions.ExceptionMessageFormat(functions.java:140)
at Function_Libary.functions.ExceptionMessageFormat(functions.java:140)
at Function_Libary.functions.ExceptionMessageFormat(functions.java:140)
at Function_Libary.functions.ExceptionMessageFormat(functions.java:140)
at Function_Libary.functions.ExceptionMessageFormat(functions.java:140)
at Function_Libary.functions.ExceptionMessageFormat(functions.java:140)
at Function_Libary.functions.ExceptionMessageFormat(functions.java:140)
at Function_Libary.functions.ExceptionMessageFormat(functions.java:140)
at Function_Libary.functions.ExceptionMessageFormat(functions.java:140)
at Function_Libary.functions.ExceptionMessageFormat(functions.java:140)
at Function_Libary.functions.ExceptionMessageFormat(functions.java:140)
at Function_Libary.functions.ExceptionMessageFormat(functions.java:140)
at Function_Libary.functions.ExceptionMessageFormat(functions.java:140)
at Function_Libary.functions.ExceptionMessageFormat(functions.java:140)
at Function_Libary.functions.ExceptionMessageFormat(functions.java:140)
at Function_Libary.functions.ExceptionMessageFormat(functions.java:140)
at Function_Libary.functions.ExceptionMessageFormat(functions.java:140)
at Function_Libary.functions.ExceptionMessageFormat(functions.java:140)
at Function_Libary.functions.ExceptionMessageFormat(functions.java:140)
at Function_Libary.functions.ExceptionMessageFormat(functions.java:140)
at Function_Libary.functions.ExceptionMessageFormat(functions.java:140)
at Function_Libary.functions.ExceptionMessageFormat(functions.java:140)
at Function_Libary.functions.ExceptionMessageFormat(functions.java:140)
at Function_Libary.functions.ExceptionMessageFormat(functions.java:140)
at Function_Libary.functions.ExceptionMessageFormat(functions.java:140)
at Function_Libary.functions.ExceptionMessageFormat(functions.java:140)
at Function_Libary.functions.ExceptionMessageFormat(functions.java:140)
at Function_Libary.functions.ExceptionMessageFormat(functions.java:140)
at Function_Libary.functions.ExceptionMessageFormat(functions.java:140)
at Function_Libary.functions.ExceptionMessageFormat(functions.java:140)
at Function_Libary.functions.ExceptionMessageFormat(functions.java:140)
at Function_Libary.functions.ExceptionMessageFormat(functions.java:140)
at Function_Libary.functions.ExceptionMessageFormat(functions.java:140)
at Function_Libary.functions.ExceptionMessageFormat(functions.java:140)
at Function_Libary.functions.ExceptionMessageFormat(functions.java:140)
at Function_Libary.functions.ExceptionMessageFormat(functions.java:140)
at Function_Libary.functions.ExceptionMessageFormat(functions.java:140)
at Function_Libary.functions.ExceptionMessageFormat(functions.java:140)
at Function_Libary.functions.ExceptionMessageFormat(functions.java:140)
at Function_Libary.functions.ExceptionMessageFormat(functions.java:140)
at Function_Libary.functions.ExceptionMessageFormat(functions.java:140)
at Function_Libary.functions.ExceptionMessageFormat(functions.java:140)
at Function_Libary.functions.ExceptionMessageFormat(functions.java:140)
at Function_Libary.functions.ExceptionMessageFormat(functions.java:140)
at Function_Libary.functions.ExceptionMessageFormat(functions.java:140)
at Function_Libary.functions.ExceptionMessageFormat(functions.java:140)
at Function_Libary.functions.ExceptionMessageFormat(functions.java:140)
at Function_Libary.functions.ExceptionMessageFormat(functions.java:140)
at Function_Libary.functions.ExceptionMessageFormat(functions.java:140)
at Function_Libary.functions.ExceptionMessageFormat(functions.java:140)
at Function_Libary.functions.ExceptionMessageFormat(functions.java:140)
at Function_Libary.functions.ExceptionMessageFormat(functions.java:140)
at Function_Libary.functions.ExceptionMessageFormat(functions.java:140)
at Function_Libary.functions.ExceptionMessageFormat(functions.java:140)
at Function_Libary.functions.ExceptionMessageFormat(functions.java:140)
at Function_Libary.functions.ExceptionMessageFormat(functions.java:140)
at Function_Libary.functions.ExceptionMessageFormat(functions.java:140)
at Function_Libary.functions.ExceptionMessageFormat(functions.java:140)
at Function_Libary.functions.ExceptionMessageFormat(functions.java:140)
at Function_Libary.functions.ExceptionMessageFormat(functions.java:140)
at Function_Libary.functions.ExceptionMessageFormat(functions.java:140)
at Function_Libary.functions.ExceptionMessageFormat(functions.java:140)
at Function_Libary.functions.ExceptionMessageFormat(functions.java:140)
at Function_Libary.functions.ExceptionMessageFormat(functions.java:140)
at Function_Libary.functions.ExceptionMessageFormat(functions.java:140)
at Function_Libary.functions.ExceptionMessageFormat(functions.java:140)
at Function_Libary.functions.ExceptionMessageFormat(functions.java:140)
at Function_Libary.functions.ExceptionMessageFormat(functions.java:140)
at Function_Libary.functions.ExceptionMessageFormat(functions.java:140)
at Function_Libary.functions.ExceptionMessageFormat(functions.java:140)
at Function_Libary.functions.ExceptionMessageFormat(functions.java:140)
at Function_Libary.functions.ExceptionMessageFormat(functions.java:140)
at Function_Libary.functions.ExceptionMessageFormat(functions.java:140)
at Function_Libary.functions.ExceptionMessageFormat(functions.java:140)
at Function_Libary.functions.ExceptionMessageFormat(functions.java:140)
at Function_Libary.functions.ExceptionMessageFormat(functions.java:140)
at Function_Libary.functions.ExceptionMessageFormat(functions.java:140)
at Function_Libary.functions.ExceptionMessageFormat(functions.java:140)
at Function_Libary.functions.ExceptionMessageFormat(functions.java:140)
at Function_Libary.functions.ExceptionMessageFormat(functions.java:140)
at Function_Libary.functions.ExceptionMessageFormat(functions.java:140)
at Function_Libary.functions.ExceptionMessageFormat(functions.java:140)
at Function_Libary.functions.ExceptionMessageFormat(functions.java:140)
at Function_Libary.functions.ExceptionMessageFormat(functions.java:140)
at Function_Libary.functions.ExceptionMessageFormat(functions.java:140)
at Function_Libary.functions.ExceptionMessageFormat(functions.java:140)
at Function_Libary.functions.ExceptionMessageFormat(functions.java:140)
at Function_Libary.functions.ExceptionMessageFormat(functions.java:140)
at Function_Libary.functions.ExceptionMessageFormat(functions.java:140)
at Function_Libary.functions.ExceptionMessageFormat(functions.java:140)
at Function_Libary.functions.ExceptionMessageFormat(functions.java:140)
at Function_Libary.functions.ExceptionMessageFormat(functions.java:140)
at Function_Libary.functions.ExceptionMessageFormat(functions.java:140)
at Function_Libary.functions.ExceptionMessageFormat(functions.java:140)
at Function_Libary.functions.ExceptionMessageFormat(functions.java:140)
at Function_Libary.functions.ExceptionMessageFormat(functions.java:140)
at Function_Libary.functions.ExceptionMessageFormat(functions.java:140)
at Function_Libary.functions.ExceptionMessageFormat(functions.java:140)
at Function_Libary.functions.ExceptionMessageFormat(functions.java:140)
at Function_Libary.functions.ExceptionMessageFormat(functions.java:140)
at Function_Libary.functions.ExceptionMessageFormat(functions.java:140)
at Function_Libary.functions.ExceptionMessageFormat(functions.java:140)
at Function_Libary.functions.ExceptionMessageFormat(functions.java:140)
at Function_Libary.functions.ExceptionMessageFormat(functions.java:140)
at Function_Libary.functions.ExceptionMessageFormat(functions.java:140)
at Function_Libary.functions.ExceptionMessageFormat(functions.java:140)
at Function_Libary.functions.ExceptionMessageFormat(functions.java:140)
at Function_Libary.functions.ExceptionMessageFormat(functions.java:140)
at Function_Libary.functions.ExceptionMessageFormat(functions.java:140)
at Function_Libary.functions.ExceptionMessageFormat(functions.java:140)
at Function_Libary.functions.ExceptionMessageFormat(functions.java:140)
at Function_Libary.functions.ExceptionMessageFormat(functions.java:140)
at Function_Libary.functions.ExceptionMessageFormat(functions.java:140)
at Function_Libary.functions.ExceptionMessageFormat(functions.java:140)
at Function_Libary.functions.ExceptionMessageFormat(functions.java:140)
at Function_Libary.functions.ExceptionMessageFormat(functions.java:140)
at Function_Libary.functions.ExceptionMessageFormat(functions.java:140)
at Function_Libary.functions.ExceptionMessageFormat(functions.java:140)
at Function_Libary.functions.ExceptionMessageFormat(functions.java:140)
at Function_Libary.functions.ExceptionMessageFormat(functions.java:140)
at Function_Libary.functions.ExceptionMessageFormat(functions.java:140)
at Function_Libary.functions.ExceptionMessageFormat(functions.java:140)
at Function_Libary.functions.ExceptionMessageFormat(functions.java:140)
at Function_Libary.functions.ExceptionMessageFormat(functions.java:140)
at Function_Libary.functions.ExceptionMessageFormat(functions.java:140)
at Function_Libary.functions.ExceptionMessageFormat(functions.java:140)
at Function_Libary.functions.ExceptionMessageFormat(functions.java:140)
at Function_Libary.functions.ExceptionMessageFormat(functions.java:140)
at Function_Libary.functions.ExceptionMessageFormat(functions.java:140)
at Function_Libary.functions.ExceptionMessageFormat(functions.java:140)
at Function_Libary.functions.ExceptionMessageFormat(functions.java:140)
at Function_Libary.functions.ExceptionMessageFormat(functions.java:140)
at Function_Libary.functions.ExceptionMessageFormat(functions.java:140)
at Function_Libary.functions.ExceptionMessageFormat(functions.java:140)
at Function_Libary.functions.ExceptionMessageFormat(functions.java:140)
at Function_Libary.functions.ExceptionMessageFormat(functions.java:140)
at Function_Libary.functions.ExceptionMessageFormat(functions.java:140)
at Function_Libary.functions.ExceptionMessageFormat(functions.java:140)
at Function_Libary.functions.ExceptionMessageFormat(functions.java:140)
at Function_Libary.functions.ExceptionMessageFormat(functions.java:140)
at Function_Libary.functions.ExceptionMessageFormat(functions.java:140)
at Function_Libary.functions.ExceptionMessageFormat(functions.java:140)
at Function_Libary.functions.ExceptionMessageFormat(functions.java:140)
at Function_Libary.functions.ExceptionMessageFormat(functions.java:140)
at Function_Libary.functions.ExceptionMessageFormat(functions.java:140)
at Function_Libary.functions.ExceptionMessageFormat(functions.java:140)
at Function_Libary.functions.ExceptionMessageFormat(functions.java:140)
at Function_Libary.functions.ExceptionMessageFormat(functions.java:140)
at Function_Libary.functions.ExceptionMessageFormat(functions.java:140)
at Function_Libary.functions.ExceptionMessageFormat(functions.java:140)
at Function_Libary.functions.ExceptionMessageFormat(functions.java:140)
at Function_Libary.functions.ExceptionMessageFormat(functions.java:140)
at Function_Libary.functions.ExceptionMessageFormat(functions.java:140)
at Function_Libary.functions.ExceptionMessageFormat(functions.java:140)
at Function_Libary.functions.ExceptionMessageFormat(functions.java:140)
at Function_Libary.functions.ExceptionMessageFormat(functions.java:140)
at Function_Libary.functions.ExceptionMessageFormat(functions.java:140)
at Function_Libary.functions.ExceptionMessageFormat(functions.java:140)
at Function_Libary.functions.ExceptionMessageFormat(functions.java:140)
at Function_Libary.functions.ExceptionMessageFormat(functions.java:140)
at Function_Libary.functions.ExceptionMessageFormat(functions.java:140)
at Function_Libary.functions.ExceptionMessageFormat(functions.java:140)
at Function_Libary.functions.ExceptionMessageFormat(functions.java:140)
at Function_Libary.functions.ExceptionMessageFormat(functions.java:140)
at Function_Libary.functions.ExceptionMessageFormat(functions.java:140)
at Function_Libary.functions.ExceptionMessageFormat(functions.java:140)
at Function_Libary.functions.ExceptionMessageFormat(functions.java:140)
at Function_Libary.functions.ExceptionMessageFormat(functions.java:140)
at Function_Libary.functions.ExceptionMessageFormat(functions.java:140)
at Function_Libary.functions.ExceptionMessageFormat(functions.java:140)
at Function_Libary.functions.ExceptionMessageFormat(functions.java:140)
at Function_Libary.functions.ExceptionMessageFormat(functions.java:140)
at Function_Libary.functions.ExceptionMessageFormat(functions.java:140)
at Function_Libary.functions.ExceptionMessageFormat(functions.java:140)
at Function_Libary.functions.ExceptionMessageFormat(functions.java:140)
at Function_Libary.functions.ExceptionMessageFormat(functions.java:140)
at Function_Libary.functions.ExceptionMessageFormat(functions.java:140)
at Function_Libary.functions.ExceptionMessageFormat(functions.java:140)
at Function_Libary.functions.ExceptionMessageFormat(functions.java:140)
at Function_Libary.functions.ExceptionMessageFormat(functions.java:140)
at Function_Libary.functions.ExceptionMessageFormat(functions.java:140)
at Function_Libary.functions.ExceptionMessageFormat(functions.java:140)
at Function_Libary.functions.ExceptionMessageFormat(functions.java:140)
at Function_Libary.functions.ExceptionMessageFormat(functions.java:140)
at Function_Libary.functions.ExceptionMessageFormat(functions.java:140)
at Function_Libary.functions.ExceptionMessageFormat(functions.java:140)
at Function_Libary.functions.ExceptionMessageFormat(functions.java:140)
at Function_Libary.functions.ExceptionMessageFormat(functions.java:140)
at Function_Libary.functions.ExceptionMessageFormat(functions.java:140)
at Function_Libary.functions.ExceptionMessageFormat(functions.java:140)
at Function_Libary.functions.ExceptionMessageFormat(functions.java:140)
at Function_Libary.functions.ExceptionMessageFormat(functions.java:140)
at Function_Libary.functions.ExceptionMessageFormat(functions.java:140)
at Function_Libary.functions.ExceptionMessageFormat(functions.java:140)
at Function_Libary.functions.ExceptionMessageFormat(functions.java:140)
at Function_Libary.functions.ExceptionMessageFormat(functions.java:140)
at Function_Libary.functions.ExceptionMessageFormat(functions.java:140)
at Function_Libary.functions.ExceptionMessageFormat(functions.java:140)
at Function_Libary.functions.ExceptionMessageFormat(functions.java:140)
at Function_Libary.functions.ExceptionMessageFormat(functions.java:140)
at Function_Libary.functions.ExceptionMessageFormat(functions.java:140)
at Function_Libary.functions.ExceptionMessageFormat(functions.java:140)
at Function_Libary.functions.ExceptionMessageFormat(functions.java:140)
at Function_Libary.functions.ExceptionMessageFormat(functions.java:140)
at Function_Libary.functions.ExceptionMessageFormat(functions.java:140)
at Function_Libary.functions.ExceptionMessageFormat(functions.java:140)
at Function_Libary.functions.ExceptionMessageFormat(functions.java:140)
at Function_Libary.functions.ExceptionMessageFormat(functions.java:140)
at Function_Libary.functions.ExceptionMessageFormat(functions.java:140)
at Function_Libary.functions.ExceptionMessageFormat(functions.java:140)
at Function_Libary.functions.ExceptionMessageFormat(functions.java:140)
at Function_Libary.functions.ExceptionMessageFormat(functions.java:140)
at Function_Libary.functions.ExceptionMessageFormat(functions.java:140)
at Function_Libary.functions.ExceptionMessageFormat(functions.java:140)
at Function_Libary.functions.ExceptionMessageFormat(functions.java:140)
at Function_Libary.functions.ExceptionMessageFormat(functions.java:140)
at Function_Libary.functions.ExceptionMessageFormat(functions.java:140)
at Function_Libary.functions.ExceptionMessageFormat(functions.java:140)
at Function_Libary.functions.ExceptionMessageFormat(functions.java:140)
at Function_Libary.functions.ExceptionMessageFormat(functions.java:140)
at Function_Libary.functions.ExceptionMessageFormat(functions.java:140)
at Function_Libary.functions.ExceptionMessageFormat(functions.java:140)
at Function_Libary.functions.ExceptionMessageFormat(functions.java:140)
at Function_Libary.functions.ExceptionMessageFormat(functions.java:140)
at Function_Libary.functions.ExceptionMessageFormat(functions.java:140)
at Function_Libary.functions.ExceptionMessageFormat(functions.java:140)
at Function_Libary.functions.ExceptionMessageFormat(functions.java:140)
at Function_Libary.functions.ExceptionMessageFormat(functions.java:140)
at Function_Libary.functions.ExceptionMessageFormat(functions.java:140)
at Function_Libary.functions.ExceptionMessageFormat(functions.java:140)
at Function_Libary.functions.ExceptionMessageFormat(functions.java:140)
at Function_Libary.functions.ExceptionMessageFormat(functions.java:140)
at Function_Libary.functions.ExceptionMessageFormat(functions.java:140)
at Function_Libary.functions.ExceptionMessageFormat(functions.java:140)
at Function_Libary.functions.ExceptionMessageFormat(functions.java:140)
at Function_Libary.functions.ExceptionMessageFormat(functions.java:140)
at Function_Libary.functions.ExceptionMessageFormat(functions.java:140)
at Function_Libary.functions.ExceptionMessageFormat(functions.java:140)
at Function_Libary.functions.ExceptionMessageFormat(functions.java:140)
at Function_Libary.functions.ExceptionMessageFormat(functions.java:140)
at Function_Libary.functions.ExceptionMessageFormat(functions.java:140)
at Function_Libary.functions.ExceptionMessageFormat(functions.java:140)
at Function_Libary.functions.ExceptionMessageFormat(functions.java:140)
at Function_Libary.functions.ExceptionMessageFormat(functions.java:140)
at Function_Libary.functions.ExceptionMessageFormat(functions.java:140)
at Function_Libary.functions.ExceptionMessageFormat(functions.java:140)
at Function_Libary.functions.ExceptionMessageFormat(functions.java:140)
at Function_Libary.functions.ExceptionMessageFormat(functions.java:140)
at Function_Libary.functions.ExceptionMessageFormat(functions.java:140)
at Function_Libary.functions.ExceptionMessageFormat(functions.java:140)
at Function_Libary.functions.ExceptionMessageFormat(functions.java:140)
at Function_Libary.functions.ExceptionMessageFormat(functions.java:140)
at Function_Libary.functions.ExceptionMessageFormat(functions.java:140)
at Function_Libary.functions.ExceptionMessageFormat(functions.java:140)
at Function_Libary.functions.ExceptionMessageFormat(functions.java:140)
at Function_Libary.functions.ExceptionMessageFormat(functions.java:140)
at Function_Libary.functions.ExceptionMessageFormat(functions.java:140)
at Function_Libary.functions.ExceptionMessageFormat(functions.java:140)
at Function_Libary.functions.ExceptionMessageFormat(functions.java:140)
at Function_Libary.functions.ExceptionMessageFormat(functions.java:140)
at Function_Libary.functions.ExceptionMessageFormat(functions.java:140)
at Function_Libary.functions.ExceptionMessageFormat(functions.java:140)
at Function_Libary.functions.ExceptionMessageFormat(functions.java:140)
at Function_Libary.functions.ExceptionMessageFormat(functions.java:140)
at Function_Libary.functions.ExceptionMessageFormat(functions.java:140)
at Function_Libary.functions.ExceptionMessageFormat(functions.java:140)
at Function_Libary.functions.ExceptionMessageFormat(functions.java:140)
at Function_Libary.functions.ExceptionMessageFormat(functions.java:140)
at Function_Libary.functions.ExceptionMessageFormat(functions.java:140)
at Function_Libary.functions.ExceptionMessageFormat(functions.java:140)
at Function_Libary.functions.ExceptionMessageFormat(functions.java:140)
at Function_Libary.functions.ExceptionMessageFormat(functions.java:140)
at Function_Libary.functions.ExceptionMessageFormat(functions.java:140)
at Function_Libary.functions.ExceptionMessageFormat(functions.java:140)
at Function_Libary.functions.ExceptionMessageFormat(functions.java:140)
at Function_Libary.functions.ExceptionMessageFormat(functions.java:140)
at Function_Libary.functions.ExceptionMessageFormat(functions.java:140)
at Function_Libary.functions.ExceptionMessageFormat(functions.java:140)
at Function_Libary.functions.ExceptionMessageFormat(functions.java:140)
at Function_Libary.functions.ExceptionMessageFormat(functions.java:140)
at Function_Libary.functions.ExceptionMessageFormat(functions.java:140)
at Function_Libary.functions.ExceptionMessageFormat(functions.java:140)
at Function_Libary.functions.ExceptionMessageFormat(functions.java:140)
at Function_Libary.functions.ExceptionMessageFormat(functions.java:140)
at Function_Libary.functions.ExceptionMessageFormat(functions.java:140)
at Function_Libary.functions.ExceptionMessageFormat(functions.java:140)
at Function_Libary.functions.ExceptionMessageFormat(functions.java:140)
at Function_Libary.functions.ExceptionMessageFormat(functions.java:140)
at Function_Libary.functions.ExceptionMessageFormat(functions.java:140)
at Function_Libary.functions.ExceptionMessageFormat(functions.java:140)
at Function_Libary.functions.ExceptionMessageFormat(functions.java:140)
at Function_Libary.functions.ExceptionMessageFormat(functions.java:140)
at Function_Libary.functions.ExceptionMessageFormat(functions.java:140)
at Function_Libary.functions.ExceptionMessageFormat(functions.java:140)
at Function_Libary.functions.ExceptionMessageFormat(functions.java:140)
at Function_Libary.functions.ExceptionMessageFormat(functions.java:140)
at Function_Libary.functions.ExceptionMessageFormat(functions.java:140)
at Function_Libary.functions.ExceptionMessageFormat(functions.java:140)
at Function_Libary.functions.ExceptionMessageFormat(functions.java:140)
at Function_Libary.functions.ExceptionMessageFormat(functions.java:140)
at Function_Libary.functions.ExceptionMessageFormat(functions.java:140)
at Function_Libary.functions.ExceptionMessageFormat(functions.java:140)
at Function_Libary.functions.ExceptionMessageFormat(functions.java:140)
at Function_Libary.functions.ExceptionMessageFormat(functions.java:140)
at Function_Libary.functions.ExceptionMessageFormat(functions.java:140)
at Function_Libary.functions.ExceptionMessageFormat(functions.java:140)
at Function_Libary.functions.ExceptionMessageFormat(functions.java:140)
at Function_Libary.functions.ExceptionMessageFormat(functions.java:140)
at Function_Libary.functions.ExceptionMessageFormat(functions.java:140)
at Function_Libary.functions.ExceptionMessageFormat(functions.java:140)
at Function_Libary.functions.ExceptionMessageFormat(functions.java:140)
at Function_Libary.functions.ExceptionMessageFormat(functions.java:140)
at Function_Libary.functions.ExceptionMessageFormat(functions.java:140)
at Function_Libary.functions.ExceptionMessageFormat(functions.java:140)
at Function_Libary.functions.ExceptionMessageFormat(functions.java:140)
at Function_Libary.functions.ExceptionMessageFormat(functions.java:140)
at Function_Libary.functions.ExceptionMessageFormat(functions.java:140)
at Function_Libary.functions.ExceptionMessageFormat(functions.java:140)
at Function_Libary.functions.ExceptionMessageFormat(functions.java:140)
at Function_Libary.functions.ExceptionMessageFormat(functions.java:140)
at Function_Libary.functions.ExceptionMessageFormat(functions.java:140)
at Function_Libary.functions.ExceptionMessageFormat(functions.java:140)
at Function_Libary.functions.ExceptionMessageFormat(functions.java:140)
at Function_Libary.functions.ExceptionMessageFormat(functions.java:140)
at Function_Libary.functions.ExceptionMessageFormat(functions.java:140)
at Function_Libary.functions.ExceptionMessageFormat(functions.java:140)
at Function_Libary.functions.ExceptionMessageFormat(functions.java:140)
at Function_Libary.functions.ExceptionMessageFormat(functions.java:140)
at Function_Libary.functions.ExceptionMessageFormat(functions.java:140)
at Function_Libary.functions.ExceptionMessageFormat(functions.java:140)
at Function_Libary.functions.ExceptionMessageFormat(functions.java:140)
at Function_Libary.functions.ExceptionMessageFormat(functions.java:140)
at Function_Libary.functions.ExceptionMessageFormat(functions.java:140)
at Function_Libary.functions.ExceptionMessageFormat(functions.java:140)
at Function_Libary.functions.ExceptionMessageFormat(functions.java:140)
at Function_Libary.functions.ExceptionMessageFormat(functions.java:140)
at Function_Libary.functions.ExceptionMessageFormat(functions.java:140)
at Function_Libary.functions.ExceptionMessageFormat(functions.java:140)
at Function_Libary.functions.ExceptionMessageFormat(functions.java:140)
at Function_Libary.functions.ExceptionMessageFormat(functions.java:140)
at Function_Libary.functions.ExceptionMessageFormat(functions.java:140)
at Function_Libary.functions.ExceptionMessageFormat(functions.java:140)
at Function_Libary.functions.ExceptionMessageFormat(functions.java:140)
at Function_Libary.functions.ExceptionMessageFormat(functions.java:140)
at Function_Libary.functions.ExceptionMessageFormat(functions.java:140)
at Function_Libary.functions.ExceptionMessageFormat(functions.java:140)
at Function_Libary.functions.ExceptionMessageFormat(functions.java:140)
at Function_Libary.functions.ExceptionMessageFormat(functions.java:140)
at Function_Libary.functions.ExceptionMessageFormat(functions.java:140)
at Function_Libary.functions.ExceptionMessageFormat(functions.java:140)
at Function_Libary.functions.ExceptionMessageFormat(functions.java:140)
at Function_Libary.functions.ExceptionMessageFormat(functions.java:140)
at Function_Libary.functions.ExceptionMessageFormat(functions.java:140)
at Function_Libary.functions.ExceptionMessageFormat(functions.java:140)
at Function_Libary.functions.ExceptionMessageFormat(functions.java:140)
at Function_Libary.functions.ExceptionMessageFormat(functions.java:140)
at Function_Libary.functions.ExceptionMessageFormat(functions.java:140)
at Function_Libary.functions.ExceptionMessageFormat(functions.java:140)
at Function_Libary.functions.ExceptionMessageFormat(functions.java:140)
at Function_Libary.functions.ExceptionMessageFormat(functions.java:140)
at Function_Libary.functions.ExceptionMessageFormat(functions.java:140)
at Function_Libary.functions.ExceptionMessageFormat(functions.java:140)
at Function_Libary.functions.ExceptionMessageFormat(functions.java:140)
at Function_Libary.functions.ExceptionMessageFormat(functions.java:140)
at Function_Libary.functions.ExceptionMessageFormat(functions.java:140)
at Function_Libary.functions.ExceptionMessageFormat(functions.java:140)
at Function_Libary.functions.ExceptionMessageFormat(functions.java:140)
at Function_Libary.functions.ExceptionMessageFormat(functions.java:140)
at Function_Libary.functions.ExceptionMessageFormat(functions.java:140)
at Function_Libary.functions.ExceptionMessageFormat(functions.java:140)
at Function_Libary.functions.ExceptionMessageFormat(functions.java:140)
at Function_Libary.functions.ExceptionMessageFormat(functions.java:140)
at Function_Libary.functions.ExceptionMessageFormat(functions.java:140)
at Function_Libary.functions.ExceptionMessageFormat(functions.java:140)
at Function_Libary.functions.ExceptionMessageFormat(functions.java:140)
at Function_Libary.functions.ExceptionMessageFormat(functions.java:140)
at Function_Libary.functions.ExceptionMessageFormat(functions.java:140)
at Function_Libary.functions.ExceptionMessageFormat(functions.java:140)
at Function_Libary.functions.ExceptionMessageFormat(functions.java:140)
at Function_Libary.functions.ExceptionMessageFormat(functions.java:140)
at Function_Libary.functions.ExceptionMessageFormat(functions.java:140)
at Function_Libary.functions.ExceptionMessageFormat(functions.java:140)
at Function_Libary.functions.ExceptionMessageFormat(functions.java:140)
at Function_Libary.functions.ExceptionMessageFormat(functions.java:140)
at Function_Libary.functions.ExceptionMessageFormat(functions.java:140)
at Function_Libary.functions.ExceptionMessageFormat(functions.java:140)
at Function_Libary.functions.ExceptionMessageFormat(functions.java:140)
at Function_Libary.functions.ExceptionMessageFormat(functions.java:140)
at Function_Libary.functions.ExceptionMessageFormat(functions.java:140)
at Function_Libary.functions.ExceptionMessageFormat(functions.java:140)
at Function_Libary.functions.ExceptionMessageFormat(functions.java:140)
at Function_Libary.functions.ExceptionMessageFormat(functions.java:140)
at Function_Libary.functions.ExceptionMessageFormat(functions.java:140)
at Function_Libary.functions.ExceptionMessageFormat(functions.java:140)
at Function_Libary.functions.ExceptionMessageFormat(functions.java:140)
at Function_Libary.functions.ExceptionMessageFormat(functions.java:140)
at Function_Libary.functions.ExceptionMessageFormat(functions.java:140)
at Function_Libary.functions.ExceptionMessageFormat(functions.java:140)
at Function_Libary.functions.ExceptionMessageFormat(functions.java:140)
at Function_Libary.functions.ExceptionMessageFormat(functions.java:140)
at Function_Libary.functions.ExceptionMessageFormat(functions.java:140)
at Function_Libary.functions.ExceptionMessageFormat(functions.java:140)
at Function_Libary.functions.ExceptionMessageFormat(functions.java:140)
at Function_Libary.functions.ExceptionMessageFormat(functions.java:140)
at Function_Libary.functions.ExceptionMessageFormat(functions.java:140)
at Function_Libary.functions.ExceptionMessageFormat(functions.java:140)
at Function_Libary.functions.ExceptionMessageFormat(functions.java:140)
at Function_Libary.functions.ExceptionMessageFormat(functions.java:140)
at Function_Libary.functions.ExceptionMessageFormat(functions.java:140)
at Function_Libary.functions.ExceptionMessageFormat(functions.java:140)
at Function_Libary.functions.ExceptionMessageFormat(functions.java:140)
at Function_Libary.functions.ExceptionMessageFormat(functions.java:140)
at Function_Libary.functions.ExceptionMessageFormat(functions.java:140)
at Function_Libary.functions.ExceptionMessageFormat(functions.java:140)
at Function_Libary.functions.ExceptionMessageFormat(functions.java:140)
at Function_Libary.functions.ExceptionMessageFormat(functions.java:140)
at Function_Libary.functions.ExceptionMessageFormat(functions.java:140)
at Function_Libary.functions.ExceptionMessageFormat(functions.java:140)
at Function_Libary.functions.ExceptionMessageFormat(functions.java:140)
at Function_Libary.functions.ExceptionMessageFormat(functions.java:140)
at Function_Libary.functions.ExceptionMessageFormat(functions.java:140)
at Function_Libary.functions.ExceptionMessageFormat(functions.java:140)
at Function_Libary.functions.ExceptionMessageFormat(functions.java:140)
at Function_Libary.functions.ExceptionMessageFormat(functions.java:140)
at Function_Libary.functions.ExceptionMessageFormat(functions.java:140)
at Function_Libary.functions.ExceptionMessageFormat(functions.java:140)
at Function_Libary.functions.ExceptionMessageFormat(functions.java:140)
at Function_Libary.functions.ExceptionMessageFormat(functions.java:140)
at Function_Libary.functions.ExceptionMessageFormat(functions.java:140)
at Function_Libary.functions.ExceptionMessageFormat(functions.java:140)
at Function_Libary.functions.ExceptionMessageFormat(functions.java:140)
at Function_Libary.functions.ExceptionMessageFormat(functions.java:140)
at Function_Libary.functions.ExceptionMessageFormat(functions.java:140)
at Function_Libary.functions.ExceptionMessageFormat(functions.java:140)
at Function_Libary.functions.ExceptionMessageFormat(functions.java:140)
at Function_Libary.functions.ExceptionMessageFormat(functions.java:140)
at Function_Libary.functions.ExceptionMessageFormat(functions.java:140)
at Function_Libary.functions.ExceptionMessageFormat(functions.java:140)
at Function_Libary.functions.ExceptionMessageFormat(functions.java:140)
at Function_Libary.functions.ExceptionMessageFormat(functions.java:140)
at Function_Libary.functions.ExceptionMessageFormat(functions.java:140)
at Function_Libary.functions.ExceptionMessageFormat(functions.java:140)
at Function_Libary.functions.ExceptionMessageFormat(functions.java:140)
at Function_Libary.functions.ExceptionMessageFormat(functions.java:140)
at Function_Libary.functions.ExceptionMessageFormat(functions.java:140)
at Function_Libary.functions.ExceptionMessageFormat(functions.java:140)
at Function_Libary.functions.ExceptionMessageFormat(functions.java:140)
at Function_Libary.functions.ExceptionMessageFormat(functions.java:140)
at Function_Libary.functions.ExceptionMessageFormat(functions.java:140)
at Function_Libary.functions.ExceptionMessageFormat(functions.java:140)
at Function_Libary.functions.ExceptionMessageFormat(functions.java:140)
at Function_Libary.functions.ExceptionMessageFormat(functions.java:140)
at Function_Libary.functions.ExceptionMessageFormat(functions.java:140)
at Function_Libary.functions.ExceptionMessageFormat(functions.java:140)
at Function_Libary.functions.ExceptionMessageFormat(functions.java:140)
at Function_Libary.functions.ExceptionMessageFormat(functions.java:140)
at Function_Libary.functions.ExceptionMessageFormat(functions.java:140)
at Function_Libary.functions.ExceptionMessageFormat(functions.java:140)
at Function_Libary.functions.ExceptionMessageFormat(functions.java:140)
at Function_Libary.functions.ExceptionMessageFormat(functions.java:140)
at Function_Libary.functions.ExceptionMessageFormat(functions.java:140)
at Function_Libary.functions.ExceptionMessageFormat(functions.java:140)
at Function_Libary.functions.ExceptionMessageFormat(functions.java:140)
at Function_Libary.functions.ExceptionMessageFormat(functions.java:140)
at Function_Libary.functions.ExceptionMessageFormat(functions.java:140)
at Function_Libary.functions.ExceptionMessageFormat(functions.java:140)
at Function_Libary.functions.ExceptionMessageFormat(functions.java:140)
at Function_Libary.functions.ExceptionMessageFormat(functions.java:140)
at Function_Libary.functions.ExceptionMessageFormat(functions.java:140)
at Function_Libary.functions.ExceptionMessageFormat(functions.java:140)
at Function_Libary.functions.ExceptionMessageFormat(functions.java:140)
at Function_Libary.functions.ExceptionMessageFormat(functions.java:140)
at Function_Libary.functions.ExceptionMessageFormat(functions.java:140)
at Function_Libary.functions.ExceptionMessageFormat(functions.java:140)
at Function_Libary.functions.ExceptionMessageFormat(functions.java:140)
at Function_Libary.functions.ExceptionMessageFormat(functions.java:140)
at Function_Libary.functions.ExceptionMessageFormat(functions.java:140)
at Function_Libary.functions.ExceptionMessageFormat(functions.java:140)
at Function_Libary.functions.ExceptionMessageFormat(functions.java:140)
at Function_Libary.functions.ExceptionMessageFormat(functions.java:140)
at Function_Libary.functions.ExceptionMessageFormat(functions.java:140)
at Function_Libary.functions.ExceptionMessageFormat(functions.java:140)
at Function_Libary.functions.ExceptionMessageFormat(functions.java:140)
at Function_Libary.functions.ExceptionMessageFormat(functions.java:140)
at Function_Libary.functions.ExceptionMessageFormat(functions.java:140)
at Function_Libary.functions.ExceptionMessageFormat(functions.java:140)
at Function_Libary.functions.ExceptionMessageFormat(functions.java:140)
at Function_Libary.functions.ExceptionMessageFormat(functions.java:140)
at Function_Libary.functions.ExceptionMessageFormat(functions.java:140)
at Function_Libary.functions.ExceptionMessageFormat(functions.java:140)
at Function_Libary.functions.ExceptionMessageFormat(functions.java:140)
at Function_Libary.functions.ExceptionMessageFormat(functions.java:140)
at Function_Libary.functions.ExceptionMessageFormat(functions.java:140)
at Function_Libary.functions.ExceptionMessageFormat(functions.java:140)
at Function_Libary.functions.ExceptionMessageFormat(functions.java:140)
at Function_Libary.functions.ExceptionMessageFormat(functions.java:140)
at Function_Libary.functions.ExceptionMessageFormat(functions.java:140)
at Function_Libary.functions.ExceptionMessageFormat(functions.java:140)
at Function_Libary.functions.ExceptionMessageFormat(functions.java:140)
at Function_Libary.functions.ExceptionMessageFormat(functions.java:140)
at Function_Libary.functions.ExceptionMessageFormat(functions.java:140)
at Function_Libary.functions.ExceptionMessageFormat(functions.java:140)
at Function_Libary.functions.ExceptionMessageFormat(functions.java:140)
at Function_Libary.functions.ExceptionMessageFormat(functions.java:140)
at Function_Libary.functions.ExceptionMessageFormat(functions.java:140)
at Function_Libary.functions.ExceptionMessageFormat(functions.java:140)
at Function_Libary.functions.ExceptionMessageFormat(functions.java:140)
at Function_Libary.functions.ExceptionMessageFormat(functions.java:140)
at Function_Libary.functions.ExceptionMessageFormat(functions.java:140)
at Function_Libary.functions.ExceptionMessageFormat(functions.java:140)
at Function_Libary.functions.ExceptionMessageFormat(functions.java:140)
at Function_Libary.functions.ExceptionMessageFormat(functions.java:140)
at Function_Libary.functions.ExceptionMessageFormat(functions.java:140)
at Function_Libary.functions.ExceptionMessageFormat(functions.java:140)
at Function_Libary.functions.ExceptionMessageFormat(functions.java:140)
at Function_Libary.functions.ExceptionMessageFormat(functions.java:140)
at Function_Libary.functions.ExceptionMessageFormat(functions.java:140)
at Function_Libary.functions.ExceptionMessageFormat(functions.java:140)
at Function_Libary.functions.ExceptionMessageFormat(functions.java:140)
at Function_Libary.functions.ExceptionMessageFormat(functions.java:140)
at Function_Libary.functions.ExceptionMessageFormat(functions.java:140)
at Function_Libary.functions.ExceptionMessageFormat(functions.java:140)
at Function_Libary.functions.ExceptionMessageFormat(functions.java:140)
at Function_Libary.functions.ExceptionMessageFormat(functions.java:140)
at Function_Libary.functions.ExceptionMessageFormat(functions.java:140)
at Function_Libary.functions.ExceptionMessageFormat(functions.java:140)
at Function_Libary.functions.ExceptionMessageFormat(functions.java:140)
at Function_Libary.functions.ExceptionMessageFormat(functions.java:140)
at Function_Libary.functions.ExceptionMessageFormat(functions.java:140)
at Function_Libary.functions.ExceptionMessageFormat(functions.java:140)
at Function_Libary.functions.ExceptionMessageFormat(functions.java:140)
at Function_Libary.functions.ExceptionMessageFormat(functions.java:140)
at Function_Libary.functions.ExceptionMessageFormat(functions.java:140)
at Function_Libary.functions.ExceptionMessageFormat(functions.java:140)
at Function_Libary.functions.ExceptionMessageFormat(functions.java:140)
at Function_Libary.functions.ExceptionMessageFormat(functions.java:140)
at Function_Libary.functions.ExceptionMessageFormat(functions.java:140)
at Function_Libary.functions.ExceptionMessageFormat(functions.java:140)
at Function_Libary.functions.ExceptionMessageFormat(functions.java:140)
at Function_Libary.functions.ExceptionMessageFormat(functions.java:140)
at Function_Libary.functions.ExceptionMessageFormat(functions.java:140)
at Function_Libary.functions.ExceptionMessageFormat(functions.java:140)
at Function_Libary.functions.ExceptionMessageFormat(functions.java:140)
at Function_Libary.functions.ExceptionMessageFormat(functions.java:140)
at Function_Libary.functions.ExceptionMessageFormat(functions.java:140)
at Function_Libary.functions.ExceptionMessageFormat(functions.java:140)
at Function_Libary.functions.ExceptionMessageFormat(functions.java:140)
at Function_Libary.functions.ExceptionMessageFormat(functions.java:140)
at Function_Libary.functions.ExceptionMessageFormat(functions.java:140)
at Function_Libary.functions.ExceptionMessageFormat(functions.java:140)
at Function_Libary.functions.ExceptionMessageFormat(functions.java:140)
at Function_Libary.functions.ExceptionMessageFormat(functions.java:140)
at Function_Libary.functions.ExceptionMessageFormat(functions.java:140)
at Function_Libary.functions.ExceptionMessageFormat(functions.java:140)
at Function_Libary.functions.ExceptionMessageFormat(functions.java:140)
at Function_Libary.functions.ExceptionMessageFormat(functions.java:140)
at Function_Libary.functions.ExceptionMessageFormat(functions.java:140)
at Function_Libary.functions.ExceptionMessageFormat(functions.java:140)
at Function_Libary.functions.ExceptionMessageFormat(functions.java:140)
at Function_Libary.functions.ExceptionMessageFormat(functions.java:140)
at Function_Libary.functions.ExceptionMessageFormat(functions.java:140)
at Function_Libary.functions.ExceptionMessageFormat(functions.java:140)
at Function_Libary.functions.ExceptionMessageFormat(functions.java:140)
at Function_Libary.functions.ExceptionMessageFormat(functions.java:140)
at Function_Libary.functions.ExceptionMessageFormat(functions.java:140)
at Function_Libary.functions.ExceptionMessageFormat(functions.java:140)
at Function_Libary.functions.ExceptionMessageFormat(functions.java:140)
at Function_Libary.functions.ExceptionMessageFormat(functions.java:140)
at Function_Libary.functions.ExceptionMessageFormat(functions.java:140)
at Function_Libary.functions.ExceptionMessageFormat(functions.java:140)
at Function_Libary.functions.ExceptionMessageFormat(functions.java:140)
at Function_Libary.functions.ExceptionMessageFormat(functions.java:140)
at Function_Libary.functions.ExceptionMessageFormat(functions.java:140)
at Function_Libary.functions.ExceptionMessageFormat(functions.java:140)
at Function_Libary.functions.ExceptionMessageFormat(functions.java:140)
at Function_Libary.functions.ExceptionMessageFormat(functions.java:140)
at Function_Libary.functions.ExceptionMessageFormat(functions.java:140)
at Function_Libary.functions.ExceptionMessageFormat(functions.java:140)
at Function_Libary.functions.ExceptionMessageFormat(functions.java:140)
at Function_Libary.functions.ExceptionMessageFormat(functions.java:140)
at Function_Libary.functions.ExceptionMessageFormat(functions.java:140)
at Function_Libary.functions.ExceptionMessageFormat(functions.java:140)
at Function_Libary.functions.ExceptionMessageFormat(functions.java:140)
at Function_Libary.functions.ExceptionMessageFormat(functions.java:140)
]]>
    </error>
  </testcase> <!-- DPA_NameAddress_FromSearch_01 -->
  <system-out/>
  <testcase name="NameFromS24_AddressFromOsstr_08" time="17.816" classname="TestCases.Optimz2_Name_Address_Display_Orders"/>
  <system-out/>
  <testcase name="NameFromSearch_AddressFromS14_13" time="17.201" classname="TestCases.Optimz2_Name_Address_Display_Orders"/>
  <system-out/>
  <testcase name="NameAddress_FromSearch_03" time="13.328" classname="TestCases.Optimz2_Name_Address_Display_Orders">
    <failure type="java.lang.AssertionError" message="The following asserts failed:
	@@line_start [148] line_end;gui_start org.openqa.selenium.ElementNotInteractableException: element not interactable
  (Session info: MicrosoftEdge=102.0.1245.44)
Build info: version: &#039;4.1.2&#039;, revision: &#039;9a5a329c5a&#039;
System info: host: &#039;FTR3COF93BK8A76&#039;, ip: &#039;192.168.0.201&#039;, os.name: &#039;Windows 7&#039;, os.arch: &#039;amd64&#039;, os.version: &#039;6.1&#039;, java.version: &#039;1.8.0_144&#039;
Driver info: org.openqa.selenium.edge.EdgeDriver
Command: [0d17ead344b62234cbc17b81088b718d, sendKeysToElement {id=34af7215-7b77-4176-bfc1-093c7cb79afa, value=[Ljava.lang.CharSequence;@a3d472}]
Capabilities {acceptInsecureCerts: false, browserName: msedge, browserVersion: 102.0.1245.44, javascriptEnabled: true, ms:edgeOptions: {debuggerAddress: localhost:56056}, msedge: {msedgedriverVersion: 101.0.1210.32 (f7af80761c68..., userDataDir: C:\Users\yulei\AppData\Loca...}, networkConnectionEnabled: false, pageLoadStrategy: normal, platform: WINDOWS, platformName: WINDOWS, proxy: Proxy(), se:cdp: ws://localhost:56056/devtoo..., se:cdpVersion: 102.0.1245.44, setWindowRect: true, strictFileInteractability: false, timeouts: {implicit: 0, pageLoad: 300000, script: 30000}, unhandledPromptBehavior: dismiss and notify, webauthn:extension:credBlob: true, webauthn:extension:largeBlob: true, webauthn:virtualAuthenticators: true}
Element: [[EdgeDriver: msedge on WINDOWS (0d17ead344b62234cbc17b81088b718d)] -&gt; xpath: //div[@nid=&#039;tnText&#039;]/div/input[@type=&#039;text&#039;]]
Session ID: 0d17ead344b62234cbc17b81088b718d gui_end">
      <![CDATA[java.lang.AssertionError: The following asserts failed:
@@line_start [148] line_end;gui_start org.openqa.selenium.ElementNotInteractableException: element not interactable
  (Session info: MicrosoftEdge=102.0.1245.44)
Build info: version: '4.1.2', revision: '9a5a329c5a'
System info: host: 'FTR3COF93BK8A76', ip: '192.168.0.201', os.name: 'Windows 7', os.arch: 'amd64', os.version: '6.1', java.version: '1.8.0_144'
Driver info: org.openqa.selenium.edge.EdgeDriver
Command: [0d17ead344b62234cbc17b81088b718d, sendKeysToElement {id=34af7215-7b77-4176-bfc1-093c7cb79afa, value=[Ljava.lang.CharSequence;@a3d472}]
Capabilities {acceptInsecureCerts: false, browserName: msedge, browserVersion: 102.0.1245.44, javascriptEnabled: true, ms:edgeOptions: {debuggerAddress: localhost:56056}, msedge: {msedgedriverVersion: 101.0.1210.32 (f7af80761c68..., userDataDir: C:\Users\yulei\AppData\Loca...}, networkConnectionEnabled: false, pageLoadStrategy: normal, platform: WINDOWS, platformName: WINDOWS, proxy: Proxy(), se:cdp: ws://localhost:56056/devtoo..., se:cdpVersion: 102.0.1245.44, setWindowRect: true, strictFileInteractability: false, timeouts: {implicit: 0, pageLoad: 300000, script: 30000}, unhandledPromptBehavior: dismiss and notify, webauthn:extension:credBlob: true, webauthn:extension:largeBlob: true, webauthn:virtualAuthenticators: true}
Element: [[EdgeDriver: msedge on WINDOWS (0d17ead344b62234cbc17b81088b718d)] -> xpath: //div[@nid='tnText']/div/input[@type='text']]
Session ID: 0d17ead344b62234cbc17b81088b718d gui_end
at org.testng.asserts.SoftAssert.assertAll(SoftAssert.java:47)
at org.testng.asserts.SoftAssert.assertAll(SoftAssert.java:31)
at TestCases.Optimz2_Name_Address_Display_Orders.NameAddress_FromSearch_03(Optimz2_Name_Address_Display_Orders.java:165)
at sun.reflect.NativeMethodAccessorImpl.invoke0(Native Method)
at sun.reflect.NativeMethodAccessorImpl.invoke(NativeMethodAccessorImpl.java:62)
at sun.reflect.DelegatingMethodAccessorImpl.invoke(DelegatingMethodAccessorImpl.java:43)
at java.lang.reflect.Method.invoke(Method.java:498)
at org.testng.internal.MethodInvocationHelper.invokeMethod(MethodInvocationHelper.java:133)
at org.testng.internal.TestInvoker.invokeMethod(TestInvoker.java:598)
at org.testng.internal.TestInvoker.invokeTestMethod(TestInvoker.java:173)
at org.testng.internal.MethodRunner.runInSequence(MethodRunner.java:46)
at org.testng.internal.TestInvoker$MethodInvocationAgent.invoke(TestInvoker.java:824)
at org.testng.internal.TestInvoker.invokeTestMethods(TestInvoker.java:146)
at org.testng.internal.TestMethodWorker.invokeTestMethods(TestMethodWorker.java:146)
at org.testng.internal.TestMethodWorker.run(TestMethodWorker.java:128)
at java.util.concurrent.ThreadPoolExecutor.runWorker(ThreadPoolExecutor.java:1149)
at java.util.concurrent.ThreadPoolExecutor$Worker.run(ThreadPoolExecutor.java:624)
at java.lang.Thread.run(Thread.java:748)
]]>
    </failure>
  </testcase> <!-- NameAddress_FromSearch_03 -->
  <system-out/>
  <testcase name="NameFromOsstr_AddressFromS14_05" time="52.695" classname="TestCases.Optimz2_Name_Address_Display_Orders">
    <failure type="java.lang.AssertionError" message="The following asserts failed:
	@@line_start [223] line_end; expected [Update_TrxStatus_InAdminGUI] but found [Failed]gui_start  gui_end,
	@@line_start [231] line_end;gui_start org.openqa.selenium.TimeoutException: Expected condition failed: waiting for visibility of element located by By.xpath: //div[@nid=&#039;messagedialog_U&#039;]//div[normalize-space()=&#039;Agent Message&#039;]/following-sibling::div//span[@class=&#039;askdialog-message&#039;] (tried for 5 second(s) with 1000 milliseconds interval)
Build info: version: &#039;4.1.2&#039;, revision: &#039;9a5a329c5a&#039;
System info: host: &#039;FTR3COF93BK8A76&#039;, ip: &#039;192.168.0.201&#039;, os.name: &#039;Windows 7&#039;, os.arch: &#039;amd64&#039;, os.version: &#039;6.1&#039;, java.version: &#039;1.8.0_144&#039;
Driver info: driver.version: unknown gui_end">
      <![CDATA[java.lang.AssertionError: The following asserts failed:
@@line_start [223] line_end; expected [Update_TrxStatus_InAdminGUI] but found [Failed]gui_start  gui_end,
@@line_start [231] line_end;gui_start org.openqa.selenium.TimeoutException: Expected condition failed: waiting for visibility of element located by By.xpath: //div[@nid='messagedialog_U']//div[normalize-space()='Agent Message']/following-sibling::div//span[@class='askdialog-message'] (tried for 5 second(s) with 1000 milliseconds interval)
Build info: version: '4.1.2', revision: '9a5a329c5a'
System info: host: 'FTR3COF93BK8A76', ip: '192.168.0.201', os.name: 'Windows 7', os.arch: 'amd64', os.version: '6.1', java.version: '1.8.0_144'
Driver info: driver.version: unknown gui_end
at org.testng.asserts.SoftAssert.assertAll(SoftAssert.java:47)
at org.testng.asserts.SoftAssert.assertAll(SoftAssert.java:31)
at TestCases.Optimz2_Name_Address_Display_Orders.NameFromOsstr_AddressFromS14_05(Optimz2_Name_Address_Display_Orders.java:242)
at sun.reflect.NativeMethodAccessorImpl.invoke0(Native Method)
at sun.reflect.NativeMethodAccessorImpl.invoke(NativeMethodAccessorImpl.java:62)
at sun.reflect.DelegatingMethodAccessorImpl.invoke(DelegatingMethodAccessorImpl.java:43)
at java.lang.reflect.Method.invoke(Method.java:498)
at org.testng.internal.MethodInvocationHelper.invokeMethod(MethodInvocationHelper.java:133)
at org.testng.internal.TestInvoker.invokeMethod(TestInvoker.java:598)
at org.testng.internal.TestInvoker.invokeTestMethod(TestInvoker.java:173)
at org.testng.internal.MethodRunner.runInSequence(MethodRunner.java:46)
at org.testng.internal.TestInvoker$MethodInvocationAgent.invoke(TestInvoker.java:824)
at org.testng.internal.TestInvoker.invokeTestMethods(TestInvoker.java:146)
at org.testng.internal.TestMethodWorker.invokeTestMethods(TestMethodWorker.java:146)
at org.testng.internal.TestMethodWorker.run(TestMethodWorker.java:128)
at java.util.concurrent.ThreadPoolExecutor.runWorker(ThreadPoolExecutor.java:1149)
at java.util.concurrent.ThreadPoolExecutor$Worker.run(ThreadPoolExecutor.java:624)
at java.lang.Thread.run(Thread.java:748)
]]>
    </failure>
  </testcase> <!-- NameFromOsstr_AddressFromS14_05 -->
  <system-out/>
  <testcase name="NameFromS24_AddressFromS24_10" time="17.400" classname="TestCases.Optimz2_Name_Address_Display_Orders"/>
  <system-out/>
  <testcase name="NameFromSearch_AddressFromOsstr_12" time="17.142" classname="TestCases.Optimz2_Name_Address_Display_Orders"/>
  <system-out/>
  <testcase name="RX_NameFromS24_AddressFromS14_21" time="23.638" classname="TestCases.Optimz2_Name_Address_Display_Orders"/>
  <system-out/>
</testsuite> <!-- TestCases.Optimz2_Name_Address_Display_Orders -->
