<?xml version="1.0" encoding="UTF-8"?>
<!-- Generated by org.testng.reporters.JUnitReportReporter -->
<testsuite skipped="0" hostname="FTR3COF93BK8A76" name="TestCases.WFA_Set_Basic24_Commit" tests="1" failures="0" timestamp="2022-05-20T02:14:32 EDT" time="35.425" errors="0">
  <testcase name="Basic24_42" time="35.425" classname="TestCases.WFA_Set_Basic24_Commit"/>
  <system-out/>
</testsuite> <!-- TestCases.WFA_Set_Basic24_Commit -->
