<?xml version="1.0" encoding="UTF-8"?>
<!-- Generated by org.testng.reporters.JUnitReportReporter -->
<testsuite skipped="0" hostname="FTR3COF93BK8A76" name="TestCases.WFA_LSMS_LNP_1" tests="1" failures="0" timestamp="2022-08-07T23:37:47 EDT" time="28.481" errors="0">
  <testcase name="LSMS_LNP_033_RX_Screen_COS_SVROP_IN_S24_Customer_Not_Agree_Billing_Record_W" time="28.481" classname="TestCases.WFA_LSMS_LNP_1"/>
  <system-out/>
</testsuite> <!-- TestCases.WFA_LSMS_LNP_1 -->
