<?xml version="1.0" encoding="UTF-8"?>
<!-- Generated by org.testng.reporters.JUnitReportReporter -->
<testsuite hostname="FTR3COF93BK8A76" name="testcases.UI_Data_file_termdef" tests="1" failures="0" timestamp="26 Mar 2021 06:23:41 GMT" time="167.608" errors="0">
  <testcase name="IntelliSense_02_Term_Oprations_Rex" time="167.608" classname="testcases.UI_Data_file_termdef"/>
</testsuite> <!-- testcases.UI_Data_file_termdef -->
